<?xml version="1.0" encoding="UTF-8"?>
<robot generator="Robot 6.1.1 (Python 3.10.12 on linux)" generated="20231115 15:47:51.287" rpa="false" schemaversion="4">
<suite id="s1" name="Tests" source="/home/ilhe/palautusrepositorio/viikko3/web-login/src/tests">
<suite id="s1-s1" name="Home" source="/home/ilhe/palautusrepositorio/viikko3/web-login/src/tests/home.robot">
<kw name="Open And Configure Browser" library="resource" type="SETUP">
<kw name="Evaluate" library="BuiltIn">
<var>${options}</var>
<arg>sys.modules['selenium.webdriver'].ChromeOptions()</arg>
<arg>sys</arg>
<doc>Evaluates the given expression in Python and returns the result.</doc>
<msg timestamp="20231115 15:47:51.393" level="INFO">${options} = &lt;selenium.webdriver.chrome.options.Options object at 0x7f8e50129750&gt;</msg>
<status status="PASS" starttime="20231115 15:47:51.393" endtime="20231115 15:47:51.393"/>
</kw>
<kw name="Call Method" library="BuiltIn">
<arg>${options}</arg>
<arg>add_argument</arg>
<arg>--headless</arg>
<doc>Calls the named method of the given object with the provided arguments.</doc>
<status status="PASS" starttime="20231115 15:47:51.394" endtime="20231115 15:47:51.394"/>
</kw>
<kw name="Open Browser" library="SeleniumLibrary">
<arg>browser=chrome</arg>
<arg>options=${options}</arg>
<doc>Opens a new browser instance to the optional ``url``.</doc>
<msg timestamp="20231115 15:47:51.394" level="INFO">Opening browser 'chrome' to base url 'None'.</msg>
<status status="PASS" starttime="20231115 15:47:51.394" endtime="20231115 15:47:52.045"/>
</kw>
<kw name="Set Selenium Speed" library="SeleniumLibrary">
<arg>${DELAY}</arg>
<doc>Sets the delay that is waited after each Selenium command.</doc>
<status status="PASS" starttime="20231115 15:47:52.046" endtime="20231115 15:47:52.046"/>
</kw>
<status status="PASS" starttime="20231115 15:47:51.393" endtime="20231115 15:47:52.046"/>
</kw>
<test id="s1-s1-t1" name="Click Login Link" line="8">
<kw name="Go To Main Page" library="resource" type="SETUP">
<kw name="Go To" library="SeleniumLibrary">
<arg>${HOME_URL}</arg>
<doc>Navigates the current browser window to the provided ``url``.</doc>
<msg timestamp="20231115 15:47:52.047" level="INFO">Opening url 'http://localhost:5001'</msg>
<status status="PASS" starttime="20231115 15:47:52.047" endtime="20231115 15:47:52.073"/>
</kw>
<status status="PASS" starttime="20231115 15:47:52.046" endtime="20231115 15:47:52.073"/>
</kw>
<kw name="Click Link" library="SeleniumLibrary">
<arg>Login</arg>
<doc>Clicks a link identified by ``locator``.</doc>
<msg timestamp="20231115 15:47:52.073" level="INFO">Clicking link 'Login'.</msg>
<status status="PASS" starttime="20231115 15:47:52.073" endtime="20231115 15:47:52.114"/>
</kw>
<kw name="Login Page Should Be Open" library="resource">
<kw name="Title Should Be" library="SeleniumLibrary">
<arg>Login</arg>
<doc>Verifies that the current page title equals ``title``.</doc>
<msg timestamp="20231115 15:47:52.118" level="INFO">Page title is 'Login'.</msg>
<status status="PASS" starttime="20231115 15:47:52.115" endtime="20231115 15:47:52.118"/>
</kw>
<status status="PASS" starttime="20231115 15:47:52.114" endtime="20231115 15:47:52.118"/>
</kw>
<status status="PASS" starttime="20231115 15:47:52.046" endtime="20231115 15:47:52.118"/>
</test>
<test id="s1-s1-t2" name="Click Register Link" line="12">
<kw name="Go To Main Page" library="resource" type="SETUP">
<kw name="Go To" library="SeleniumLibrary">
<arg>${HOME_URL}</arg>
<doc>Navigates the current browser window to the provided ``url``.</doc>
<msg timestamp="20231115 15:47:52.119" level="INFO">Opening url 'http://localhost:5001'</msg>
<status status="PASS" starttime="20231115 15:47:52.119" endtime="20231115 15:47:52.126"/>
</kw>
<status status="PASS" starttime="20231115 15:47:52.118" endtime="20231115 15:47:52.126"/>
</kw>
<kw name="Click Link" library="SeleniumLibrary">
<arg>Register new user</arg>
<doc>Clicks a link identified by ``locator``.</doc>
<msg timestamp="20231115 15:47:52.126" level="INFO">Clicking link 'Register new user'.</msg>
<status status="PASS" starttime="20231115 15:47:52.126" endtime="20231115 15:47:52.162"/>
</kw>
<kw name="Register Page Should Be Open" library="resource">
<kw name="Title Should Be" library="SeleniumLibrary">
<arg>Register</arg>
<doc>Verifies that the current page title equals ``title``.</doc>
<msg timestamp="20231115 15:47:52.165" level="INFO">Page title is 'Register'.</msg>
<status status="PASS" starttime="20231115 15:47:52.162" endtime="20231115 15:47:52.165"/>
</kw>
<status status="PASS" starttime="20231115 15:47:52.162" endtime="20231115 15:47:52.166"/>
</kw>
<status status="PASS" starttime="20231115 15:47:52.118" endtime="20231115 15:47:52.166"/>
</test>
<kw name="Close Browser" library="SeleniumLibrary" type="TEARDOWN">
<doc>Closes the current browser.</doc>
<status status="PASS" starttime="20231115 15:47:52.166" endtime="20231115 15:47:52.223"/>
</kw>
<status status="PASS" starttime="20231115 15:47:51.297" endtime="20231115 15:47:52.223"/>
</suite>
<suite id="s1-s2" name="Login" source="/home/ilhe/palautusrepositorio/viikko3/web-login/src/tests/login.robot">
<kw name="Open And Configure Browser" library="resource" type="SETUP">
<kw name="Evaluate" library="BuiltIn">
<var>${options}</var>
<arg>sys.modules['selenium.webdriver'].ChromeOptions()</arg>
<arg>sys</arg>
<doc>Evaluates the given expression in Python and returns the result.</doc>
<msg timestamp="20231115 15:47:52.227" level="INFO">${options} = &lt;selenium.webdriver.chrome.options.Options object at 0x7f8e5012a830&gt;</msg>
<status status="PASS" starttime="20231115 15:47:52.226" endtime="20231115 15:47:52.227"/>
</kw>
<kw name="Call Method" library="BuiltIn">
<arg>${options}</arg>
<arg>add_argument</arg>
<arg>--headless</arg>
<doc>Calls the named method of the given object with the provided arguments.</doc>
<status status="PASS" starttime="20231115 15:47:52.227" endtime="20231115 15:47:52.227"/>
</kw>
<kw name="Open Browser" library="SeleniumLibrary">
<arg>browser=chrome</arg>
<arg>options=${options}</arg>
<doc>Opens a new browser instance to the optional ``url``.</doc>
<msg timestamp="20231115 15:47:52.227" level="INFO">Opening browser 'chrome' to base url 'None'.</msg>
<status status="PASS" starttime="20231115 15:47:52.227" endtime="20231115 15:47:52.888"/>
</kw>
<kw name="Set Selenium Speed" library="SeleniumLibrary">
<arg>${DELAY}</arg>
<doc>Sets the delay that is waited after each Selenium command.</doc>
<status status="PASS" starttime="20231115 15:47:52.889" endtime="20231115 15:47:52.889"/>
</kw>
<status status="PASS" starttime="20231115 15:47:52.226" endtime="20231115 15:47:52.889"/>
</kw>
<test id="s1-s2-t1" name="Login With Correct Credentials" line="8">
<kw name="Create User And Go To Login Page" type="SETUP">
<kw name="Create User" library="AppLibrary">
<arg>kalle</arg>
<arg>kalle123</arg>
<status status="PASS" starttime="20231115 15:47:52.889" endtime="20231115 15:47:52.894"/>
</kw>
<kw name="Go To Login Page" library="resource">
<kw name="Go To" library="SeleniumLibrary">
<arg>${LOGIN_URL}</arg>
<doc>Navigates the current browser window to the provided ``url``.</doc>
<msg timestamp="20231115 15:47:52.895" level="INFO">Opening url 'http://localhost:5001/login'</msg>
<status status="PASS" starttime="20231115 15:47:52.895" endtime="20231115 15:47:52.923"/>
</kw>
<status status="PASS" starttime="20231115 15:47:52.894" endtime="20231115 15:47:52.923"/>
</kw>
<kw name="Login Page Should Be Open" library="resource">
<kw name="Title Should Be" library="SeleniumLibrary">
<arg>Login</arg>
<doc>Verifies that the current page title equals ``title``.</doc>
<msg timestamp="20231115 15:47:52.926" level="INFO">Page title is 'Login'.</msg>
<status status="PASS" starttime="20231115 15:47:52.924" endtime="20231115 15:47:52.926"/>
</kw>
<status status="PASS" starttime="20231115 15:47:52.923" endtime="20231115 15:47:52.926"/>
</kw>
<status status="PASS" starttime="20231115 15:47:52.889" endtime="20231115 15:47:52.926"/>
</kw>
<kw name="Set Username">
<arg>kalle</arg>
<kw name="Input Text" library="SeleniumLibrary">
<arg>username</arg>
<arg>${username}</arg>
<doc>Types the given ``text`` into the text field identified by ``locator``.</doc>
<msg timestamp="20231115 15:47:52.927" level="INFO">Typing text 'kalle' into text field 'username'.</msg>
<status status="PASS" starttime="20231115 15:47:52.927" endtime="20231115 15:47:52.982"/>
</kw>
<status status="PASS" starttime="20231115 15:47:52.926" endtime="20231115 15:47:52.982"/>
</kw>
<kw name="Set Password">
<arg>kalle123</arg>
<kw name="Input Password" library="SeleniumLibrary">
<arg>password</arg>
<arg>${password}</arg>
<doc>Types the given password into the text field identified by ``locator``.</doc>
<msg timestamp="20231115 15:47:52.984" level="INFO">Typing password into text field 'password'.</msg>
<msg timestamp="20231115 15:47:53.005" level="INFO">Temporally setting log level to: NONE</msg>
<msg timestamp="20231115 15:47:53.024" level="INFO">Log level changed from NONE to INFO.</msg>
<status status="PASS" starttime="20231115 15:47:52.983" endtime="20231115 15:47:53.024"/>
</kw>
<status status="PASS" starttime="20231115 15:47:52.983" endtime="20231115 15:47:53.024"/>
</kw>
<kw name="Submit Credentials">
<kw name="Click Button" library="SeleniumLibrary">
<arg>Login</arg>
<doc>Clicks the button identified by ``locator``.</doc>
<msg timestamp="20231115 15:47:53.025" level="INFO">Clicking button 'Login'.</msg>
<status status="PASS" starttime="20231115 15:47:53.025" endtime="20231115 15:47:53.067"/>
</kw>
<status status="PASS" starttime="20231115 15:47:53.025" endtime="20231115 15:47:53.067"/>
</kw>
<kw name="Login Should Succeed">
<kw name="Main Page Should Be Open" library="resource">
<kw name="Title Should Be" library="SeleniumLibrary">
<arg>Ohtu Application main page</arg>
<doc>Verifies that the current page title equals ``title``.</doc>
<msg timestamp="20231115 15:47:53.070" level="INFO">Page title is 'Ohtu Application main page'.</msg>
<status status="PASS" starttime="20231115 15:47:53.067" endtime="20231115 15:47:53.070"/>
</kw>
<status status="PASS" starttime="20231115 15:47:53.067" endtime="20231115 15:47:53.070"/>
</kw>
<status status="PASS" starttime="20231115 15:47:53.067" endtime="20231115 15:47:53.070"/>
</kw>
<status status="PASS" starttime="20231115 15:47:52.889" endtime="20231115 15:47:53.070"/>
</test>
<test id="s1-s2-t2" name="Login With Incorrect Password" line="14">
<kw name="Create User And Go To Login Page" type="SETUP">
<kw name="Create User" library="AppLibrary">
<arg>kalle</arg>
<arg>kalle123</arg>
<status status="PASS" starttime="20231115 15:47:53.070" endtime="20231115 15:47:53.076"/>
</kw>
<kw name="Go To Login Page" library="resource">
<kw name="Go To" library="SeleniumLibrary">
<arg>${LOGIN_URL}</arg>
<doc>Navigates the current browser window to the provided ``url``.</doc>
<msg timestamp="20231115 15:47:53.076" level="INFO">Opening url 'http://localhost:5001/login'</msg>
<status status="PASS" starttime="20231115 15:47:53.076" endtime="20231115 15:47:53.084"/>
</kw>
<status status="PASS" starttime="20231115 15:47:53.076" endtime="20231115 15:47:53.084"/>
</kw>
<kw name="Login Page Should Be Open" library="resource">
<kw name="Title Should Be" library="SeleniumLibrary">
<arg>Login</arg>
<doc>Verifies that the current page title equals ``title``.</doc>
<msg timestamp="20231115 15:47:53.087" level="INFO">Page title is 'Login'.</msg>
<status status="PASS" starttime="20231115 15:47:53.084" endtime="20231115 15:47:53.087"/>
</kw>
<status status="PASS" starttime="20231115 15:47:53.084" endtime="20231115 15:47:53.087"/>
</kw>
<status status="PASS" starttime="20231115 15:47:53.070" endtime="20231115 15:47:53.087"/>
</kw>
<kw name="Set Username">
<arg>kalle</arg>
<kw name="Input Text" library="SeleniumLibrary">
<arg>username</arg>
<arg>${username}</arg>
<doc>Types the given ``text`` into the text field identified by ``locator``.</doc>
<msg timestamp="20231115 15:47:53.088" level="INFO">Typing text 'kalle' into text field 'username'.</msg>
<status status="PASS" starttime="20231115 15:47:53.087" endtime="20231115 15:47:53.126"/>
</kw>
<status status="PASS" starttime="20231115 15:47:53.087" endtime="20231115 15:47:53.126"/>
</kw>
<kw name="Set Password">
<arg>kalle456</arg>
<kw name="Input Password" library="SeleniumLibrary">
<arg>password</arg>
<arg>${password}</arg>
<doc>Types the given password into the text field identified by ``locator``.</doc>
<msg timestamp="20231115 15:47:53.127" level="INFO">Typing password into text field 'password'.</msg>
<msg timestamp="20231115 15:47:53.144" level="INFO">Temporally setting log level to: NONE</msg>
<msg timestamp="20231115 15:47:53.164" level="INFO">Log level changed from NONE to INFO.</msg>
<status status="PASS" starttime="20231115 15:47:53.126" endtime="20231115 15:47:53.164"/>
</kw>
<status status="PASS" starttime="20231115 15:47:53.126" endtime="20231115 15:47:53.164"/>
</kw>
<kw name="Submit Credentials">
<kw name="Click Button" library="SeleniumLibrary">
<arg>Login</arg>
<doc>Clicks the button identified by ``locator``.</doc>
<msg timestamp="20231115 15:47:53.165" level="INFO">Clicking button 'Login'.</msg>
<status status="PASS" starttime="20231115 15:47:53.164" endtime="20231115 15:47:53.198"/>
</kw>
<status status="PASS" starttime="20231115 15:47:53.164" endtime="20231115 15:47:53.198"/>
</kw>
<kw name="Login Should Fail With Message">
<arg>Invalid username or password</arg>
<kw name="Login Page Should Be Open" library="resource">
<kw name="Title Should Be" library="SeleniumLibrary">
<arg>Login</arg>
<doc>Verifies that the current page title equals ``title``.</doc>
<msg timestamp="20231115 15:47:53.202" level="INFO">Page title is 'Login'.</msg>
<status status="PASS" starttime="20231115 15:47:53.199" endtime="20231115 15:47:53.202"/>
</kw>
<status status="PASS" starttime="20231115 15:47:53.199" endtime="20231115 15:47:53.202"/>
</kw>
<kw name="Page Should Contain" library="SeleniumLibrary">
<arg>${message}</arg>
<doc>Verifies that current page contains ``text``.</doc>
<msg timestamp="20231115 15:47:53.210" level="INFO">Current page contains text 'Invalid username or password'.</msg>
<status status="PASS" starttime="20231115 15:47:53.202" endtime="20231115 15:47:53.210"/>
</kw>
<status status="PASS" starttime="20231115 15:47:53.199" endtime="20231115 15:47:53.210"/>
</kw>
<status status="PASS" starttime="20231115 15:47:53.070" endtime="20231115 15:47:53.210"/>
</test>
<test id="s1-s2-t3" name="Login With Nonexistent Username" line="20">
<kw name="Create User And Go To Login Page" type="SETUP">
<kw name="Create User" library="AppLibrary">
<arg>kalle</arg>
<arg>kalle123</arg>
<status status="PASS" starttime="20231115 15:47:53.211" endtime="20231115 15:47:53.216"/>
</kw>
<kw name="Go To Login Page" library="resource">
<kw name="Go To" library="SeleniumLibrary">
<arg>${LOGIN_URL}</arg>
<doc>Navigates the current browser window to the provided ``url``.</doc>
<msg timestamp="20231115 15:47:53.217" level="INFO">Opening url 'http://localhost:5001/login'</msg>
<status status="PASS" starttime="20231115 15:47:53.217" endtime="20231115 15:47:53.225"/>
</kw>
<status status="PASS" starttime="20231115 15:47:53.217" endtime="20231115 15:47:53.225"/>
</kw>
<kw name="Login Page Should Be Open" library="resource">
<kw name="Title Should Be" library="SeleniumLibrary">
<arg>Login</arg>
<doc>Verifies that the current page title equals ``title``.</doc>
<msg timestamp="20231115 15:47:53.228" level="INFO">Page title is 'Login'.</msg>
<status status="PASS" starttime="20231115 15:47:53.226" endtime="20231115 15:47:53.228"/>
</kw>
<status status="PASS" starttime="20231115 15:47:53.225" endtime="20231115 15:47:53.228"/>
</kw>
<status status="PASS" starttime="20231115 15:47:53.211" endtime="20231115 15:47:53.228"/>
</kw>
<kw name="Set Username">
<arg>ankka5</arg>
<kw name="Input Text" library="SeleniumLibrary">
<arg>username</arg>
<arg>${username}</arg>
<doc>Types the given ``text`` into the text field identified by ``locator``.</doc>
<msg timestamp="20231115 15:47:53.228" level="INFO">Typing text 'ankka5' into text field 'username'.</msg>
<status status="PASS" starttime="20231115 15:47:53.228" endtime="20231115 15:47:53.266"/>
</kw>
<status status="PASS" starttime="20231115 15:47:53.228" endtime="20231115 15:47:53.266"/>
</kw>
<kw name="Set Password">
<arg>kalle123</arg>
<kw name="Input Password" library="SeleniumLibrary">
<arg>password</arg>
<arg>${password}</arg>
<doc>Types the given password into the text field identified by ``locator``.</doc>
<msg timestamp="20231115 15:47:53.267" level="INFO">Typing password into text field 'password'.</msg>
<msg timestamp="20231115 15:47:53.283" level="INFO">Temporally setting log level to: NONE</msg>
<msg timestamp="20231115 15:47:53.304" level="INFO">Log level changed from NONE to INFO.</msg>
<status status="PASS" starttime="20231115 15:47:53.267" endtime="20231115 15:47:53.304"/>
</kw>
<status status="PASS" starttime="20231115 15:47:53.266" endtime="20231115 15:47:53.305"/>
</kw>
<kw name="Submit Credentials">
<kw name="Click Button" library="SeleniumLibrary">
<arg>Login</arg>
<doc>Clicks the button identified by ``locator``.</doc>
<msg timestamp="20231115 15:47:53.305" level="INFO">Clicking button 'Login'.</msg>
<status status="PASS" starttime="20231115 15:47:53.305" endtime="20231115 15:47:53.338"/>
</kw>
<status status="PASS" starttime="20231115 15:47:53.305" endtime="20231115 15:47:53.338"/>
</kw>
<kw name="Login Should Fail With Message">
<arg>Invalid username or password</arg>
<kw name="Login Page Should Be Open" library="resource">
<kw name="Title Should Be" library="SeleniumLibrary">
<arg>Login</arg>
<doc>Verifies that the current page title equals ``title``.</doc>
<msg timestamp="20231115 15:47:53.340" level="INFO">Page title is 'Login'.</msg>
<status status="PASS" starttime="20231115 15:47:53.338" endtime="20231115 15:47:53.340"/>
</kw>
<status status="PASS" starttime="20231115 15:47:53.338" endtime="20231115 15:47:53.340"/>
</kw>
<kw name="Page Should Contain" library="SeleniumLibrary">
<arg>${message}</arg>
<doc>Verifies that current page contains ``text``.</doc>
<msg timestamp="20231115 15:47:53.346" level="INFO">Current page contains text 'Invalid username or password'.</msg>
<status status="PASS" starttime="20231115 15:47:53.340" endtime="20231115 15:47:53.346"/>
</kw>
<status status="PASS" starttime="20231115 15:47:53.338" endtime="20231115 15:47:53.346"/>
</kw>
<status status="PASS" starttime="20231115 15:47:53.210" endtime="20231115 15:47:53.346"/>
</test>
<kw name="Close Browser" library="SeleniumLibrary" type="TEARDOWN">
<doc>Closes the current browser.</doc>
<status status="PASS" starttime="20231115 15:47:53.347" endtime="20231115 15:47:53.408"/>
</kw>
<status status="PASS" starttime="20231115 15:47:52.224" endtime="20231115 15:47:53.408"/>
</suite>
<suite id="s1-s3" name="Register" source="/home/ilhe/palautusrepositorio/viikko3/web-login/src/tests/register.robot">
<kw name="Open And Configure Browser" library="resource" type="SETUP">
<kw name="Evaluate" library="BuiltIn">
<var>${options}</var>
<arg>sys.modules['selenium.webdriver'].ChromeOptions()</arg>
<arg>sys</arg>
<doc>Evaluates the given expression in Python and returns the result.</doc>
<msg timestamp="20231115 15:47:53.415" level="INFO">${options} = &lt;selenium.webdriver.chrome.options.Options object at 0x7f8e4fe7bf10&gt;</msg>
<status status="PASS" starttime="20231115 15:47:53.414" endtime="20231115 15:47:53.415"/>
</kw>
<kw name="Call Method" library="BuiltIn">
<arg>${options}</arg>
<arg>add_argument</arg>
<arg>--headless</arg>
<doc>Calls the named method of the given object with the provided arguments.</doc>
<status status="PASS" starttime="20231115 15:47:53.415" endtime="20231115 15:47:53.415"/>
</kw>
<kw name="Open Browser" library="SeleniumLibrary">
<arg>browser=chrome</arg>
<arg>options=${options}</arg>
<doc>Opens a new browser instance to the optional ``url``.</doc>
<msg timestamp="20231115 15:47:53.417" level="INFO">Opening browser 'chrome' to base url 'None'.</msg>
<status status="PASS" starttime="20231115 15:47:53.416" endtime="20231115 15:47:54.079"/>
</kw>
<kw name="Set Selenium Speed" library="SeleniumLibrary">
<arg>${DELAY}</arg>
<doc>Sets the delay that is waited after each Selenium command.</doc>
<status status="PASS" starttime="20231115 15:47:54.079" endtime="20231115 15:47:54.079"/>
</kw>
<status status="PASS" starttime="20231115 15:47:53.414" endtime="20231115 15:47:54.079"/>
</kw>
<test id="s1-s3-t1" name="Register With Valid Username And Password" line="9">
<kw name="Go To Register Page And Check It Is Correct" type="SETUP">
<kw name="Go to Register Page" library="resource">
<kw name="Go To" library="SeleniumLibrary">
<arg>${REGISTER_URL}</arg>
<doc>Navigates the current browser window to the provided ``url``.</doc>
<msg timestamp="20231115 15:47:54.080" level="INFO">Opening url 'http://localhost:5001/register'</msg>
<status status="PASS" starttime="20231115 15:47:54.080" endtime="20231115 15:47:54.109"/>
</kw>
<status status="PASS" starttime="20231115 15:47:54.080" endtime="20231115 15:47:54.109"/>
</kw>
<kw name="Register Page Should Be Open" library="resource">
<kw name="Title Should Be" library="SeleniumLibrary">
<arg>Register</arg>
<doc>Verifies that the current page title equals ``title``.</doc>
<msg timestamp="20231115 15:47:54.112" level="INFO">Page title is 'Register'.</msg>
<status status="PASS" starttime="20231115 15:47:54.109" endtime="20231115 15:47:54.112"/>
</kw>
<status status="PASS" starttime="20231115 15:47:54.109" endtime="20231115 15:47:54.112"/>
</kw>
<status status="PASS" starttime="20231115 15:47:54.080" endtime="20231115 15:47:54.112"/>
</kw>
<kw name="Set Username">
<arg>testaaja</arg>
<kw name="Input Text" library="SeleniumLibrary">
<arg>username</arg>
<arg>${username}</arg>
<doc>Types the given ``text`` into the text field identified by ``locator``.</doc>
<msg timestamp="20231115 15:47:54.113" level="INFO">Typing text 'testaaja' into text field 'username'.</msg>
<status status="PASS" starttime="20231115 15:47:54.112" endtime="20231115 15:47:54.167"/>
</kw>
<status status="PASS" starttime="20231115 15:47:54.112" endtime="20231115 15:47:54.167"/>
</kw>
<kw name="Set Password">
<arg>salainen1</arg>
<kw name="Input Password" library="SeleniumLibrary">
<arg>password</arg>
<arg>${password}</arg>
<doc>Types the given password into the text field identified by ``locator``.</doc>
<msg timestamp="20231115 15:47:54.168" level="INFO">Typing password into text field 'password'.</msg>
<msg timestamp="20231115 15:47:54.186" level="INFO">Temporally setting log level to: NONE</msg>
<msg timestamp="20231115 15:47:54.208" level="INFO">Log level changed from NONE to INFO.</msg>
<status status="PASS" starttime="20231115 15:47:54.167" endtime="20231115 15:47:54.208"/>
</kw>
<status status="PASS" starttime="20231115 15:47:54.167" endtime="20231115 15:47:54.208"/>
</kw>
<kw name="Set Password2">
<arg>salainen1</arg>
<kw name="Input Password" library="SeleniumLibrary">
<arg>password_confirmation</arg>
<arg>${password2}</arg>
<doc>Types the given password into the text field identified by ``locator``.</doc>
<msg timestamp="20231115 15:47:54.209" level="INFO">Typing password into text field 'password_confirmation'.</msg>
<msg timestamp="20231115 15:47:54.229" level="INFO">Temporally setting log level to: NONE</msg>
<msg timestamp="20231115 15:47:54.249" level="INFO">Log level changed from NONE to INFO.</msg>
<status status="PASS" starttime="20231115 15:47:54.208" endtime="20231115 15:47:54.249"/>
</kw>
<status status="PASS" starttime="20231115 15:47:54.208" endtime="20231115 15:47:54.249"/>
</kw>
<kw name="Click Button" library="SeleniumLibrary">
<arg>Register</arg>
<doc>Clicks the button identified by ``locator``.</doc>
<msg timestamp="20231115 15:47:54.250" level="INFO">Clicking button 'Register'.</msg>
<status status="PASS" starttime="20231115 15:47:54.249" endtime="20231115 15:47:54.290"/>
</kw>
<kw name="Register Should Succeed With Welcome Page Open">
<kw name="Welcome Page Should Be Open" library="resource">
<kw name="Title Should Be" library="SeleniumLibrary">
<arg>Welcome to Ohtu Application!</arg>
<doc>Verifies that the current page title equals ``title``.</doc>
<msg timestamp="20231115 15:47:54.293" level="INFO">Page title is 'Welcome to Ohtu Application!'.</msg>
<status status="PASS" starttime="20231115 15:47:54.291" endtime="20231115 15:47:54.293"/>
</kw>
<status status="PASS" starttime="20231115 15:47:54.291" endtime="20231115 15:47:54.293"/>
</kw>
<status status="PASS" starttime="20231115 15:47:54.291" endtime="20231115 15:47:54.293"/>
</kw>
<status status="PASS" starttime="20231115 15:47:54.079" endtime="20231115 15:47:54.293"/>
</test>
<test id="s1-s3-t2" name="Register With Too Short Username And Valid Password" line="16">
<kw name="Go To Register Page And Check It Is Correct" type="SETUP">
<kw name="Go to Register Page" library="resource">
<kw name="Go To" library="SeleniumLibrary">
<arg>${REGISTER_URL}</arg>
<doc>Navigates the current browser window to the provided ``url``.</doc>
<msg timestamp="20231115 15:47:54.294" level="INFO">Opening url 'http://localhost:5001/register'</msg>
<status status="PASS" starttime="20231115 15:47:54.294" endtime="20231115 15:47:54.301"/>
</kw>
<status status="PASS" starttime="20231115 15:47:54.294" endtime="20231115 15:47:54.301"/>
</kw>
<kw name="Register Page Should Be Open" library="resource">
<kw name="Title Should Be" library="SeleniumLibrary">
<arg>Register</arg>
<doc>Verifies that the current page title equals ``title``.</doc>
<msg timestamp="20231115 15:47:54.304" level="INFO">Page title is 'Register'.</msg>
<status status="PASS" starttime="20231115 15:47:54.302" endtime="20231115 15:47:54.304"/>
</kw>
<status status="PASS" starttime="20231115 15:47:54.302" endtime="20231115 15:47:54.304"/>
</kw>
<status status="PASS" starttime="20231115 15:47:54.294" endtime="20231115 15:47:54.305"/>
</kw>
<kw name="Set Username">
<arg>ak</arg>
<kw name="Input Text" library="SeleniumLibrary">
<arg>username</arg>
<arg>${username}</arg>
<doc>Types the given ``text`` into the text field identified by ``locator``.</doc>
<msg timestamp="20231115 15:47:54.305" level="INFO">Typing text 'ak' into text field 'username'.</msg>
<status status="PASS" starttime="20231115 15:47:54.305" endtime="20231115 15:47:54.342"/>
</kw>
<status status="PASS" starttime="20231115 15:47:54.305" endtime="20231115 15:47:54.342"/>
</kw>
<kw name="Set Password">
<arg>salainen1</arg>
<kw name="Input Password" library="SeleniumLibrary">
<arg>password</arg>
<arg>${password}</arg>
<doc>Types the given password into the text field identified by ``locator``.</doc>
<msg timestamp="20231115 15:47:54.343" level="INFO">Typing password into text field 'password'.</msg>
<msg timestamp="20231115 15:47:54.361" level="INFO">Temporally setting log level to: NONE</msg>
<msg timestamp="20231115 15:47:54.381" level="INFO">Log level changed from NONE to INFO.</msg>
<status status="PASS" starttime="20231115 15:47:54.343" endtime="20231115 15:47:54.381"/>
</kw>
<status status="PASS" starttime="20231115 15:47:54.342" endtime="20231115 15:47:54.382"/>
</kw>
<kw name="Set Password2">
<arg>salainen1</arg>
<kw name="Input Password" library="SeleniumLibrary">
<arg>password_confirmation</arg>
<arg>${password2}</arg>
<doc>Types the given password into the text field identified by ``locator``.</doc>
<msg timestamp="20231115 15:47:54.383" level="INFO">Typing password into text field 'password_confirmation'.</msg>
<msg timestamp="20231115 15:47:54.412" level="INFO">Temporally setting log level to: NONE</msg>
<msg timestamp="20231115 15:47:54.431" level="INFO">Log level changed from NONE to INFO.</msg>
<status status="PASS" starttime="20231115 15:47:54.382" endtime="20231115 15:47:54.431"/>
</kw>
<status status="PASS" starttime="20231115 15:47:54.382" endtime="20231115 15:47:54.431"/>
</kw>
<kw name="Click Button" library="SeleniumLibrary">
<arg>Register</arg>
<doc>Clicks the button identified by ``locator``.</doc>
<msg timestamp="20231115 15:47:54.432" level="INFO">Clicking button 'Register'.</msg>
<status status="PASS" starttime="20231115 15:47:54.431" endtime="20231115 15:47:54.464"/>
</kw>
<kw name="Register Should Fail With Message">
<arg>Username must be atleast 3 characters</arg>
<kw name="Register Page Should Be Open" library="resource">
<kw name="Title Should Be" library="SeleniumLibrary">
<arg>Register</arg>
<doc>Verifies that the current page title equals ``title``.</doc>
<msg timestamp="20231115 15:47:54.467" level="INFO">Page title is 'Register'.</msg>
<status status="PASS" starttime="20231115 15:47:54.464" endtime="20231115 15:47:54.467"/>
</kw>
<status status="PASS" starttime="20231115 15:47:54.464" endtime="20231115 15:47:54.467"/>
</kw>
<kw name="Page Should Contain" library="SeleniumLibrary">
<arg>${message}</arg>
<doc>Verifies that current page contains ``text``.</doc>
<msg timestamp="20231115 15:47:54.475" level="INFO">Current page contains text 'Username must be atleast 3 characters'.</msg>
<status status="PASS" starttime="20231115 15:47:54.467" endtime="20231115 15:47:54.475"/>
</kw>
<status status="PASS" starttime="20231115 15:47:54.464" endtime="20231115 15:47:54.475"/>
</kw>
<status status="PASS" starttime="20231115 15:47:54.294" endtime="20231115 15:47:54.476"/>
</test>
<test id="s1-s3-t3" name="Register With Valid Username And Invalid Password" line="24">
<kw name="Go To Register Page And Check It Is Correct" type="SETUP">
<kw name="Go to Register Page" library="resource">
<kw name="Go To" library="SeleniumLibrary">
<arg>${REGISTER_URL}</arg>
<doc>Navigates the current browser window to the provided ``url``.</doc>
<msg timestamp="20231115 15:47:54.476" level="INFO">Opening url 'http://localhost:5001/register'</msg>
<status status="PASS" starttime="20231115 15:47:54.476" endtime="20231115 15:47:54.483"/>
</kw>
<status status="PASS" starttime="20231115 15:47:54.476" endtime="20231115 15:47:54.484"/>
</kw>
<kw name="Register Page Should Be Open" library="resource">
<kw name="Title Should Be" library="SeleniumLibrary">
<arg>Register</arg>
<doc>Verifies that the current page title equals ``title``.</doc>
<msg timestamp="20231115 15:47:54.486" level="INFO">Page title is 'Register'.</msg>
<status status="PASS" starttime="20231115 15:47:54.484" endtime="20231115 15:47:54.486"/>
</kw>
<status status="PASS" starttime="20231115 15:47:54.484" endtime="20231115 15:47:54.486"/>
</kw>
<status status="PASS" starttime="20231115 15:47:54.476" endtime="20231115 15:47:54.486"/>
</kw>
<kw name="Set Username">
<arg>kirahvi</arg>
<kw name="Input Text" library="SeleniumLibrary">
<arg>username</arg>
<arg>${username}</arg>
<doc>Types the given ``text`` into the text field identified by ``locator``.</doc>
<msg timestamp="20231115 15:47:54.487" level="INFO">Typing text 'kirahvi' into text field 'username'.</msg>
<status status="PASS" starttime="20231115 15:47:54.487" endtime="20231115 15:47:54.526"/>
</kw>
<status status="PASS" starttime="20231115 15:47:54.486" endtime="20231115 15:47:54.526"/>
</kw>
<kw name="Set Password">
<arg>salainen</arg>
<kw name="Input Password" library="SeleniumLibrary">
<arg>password</arg>
<arg>${password}</arg>
<doc>Types the given password into the text field identified by ``locator``.</doc>
<msg timestamp="20231115 15:47:54.527" level="INFO">Typing password into text field 'password'.</msg>
<msg timestamp="20231115 15:47:54.544" level="INFO">Temporally setting log level to: NONE</msg>
<msg timestamp="20231115 15:47:54.564" level="INFO">Log level changed from NONE to INFO.</msg>
<status status="PASS" starttime="20231115 15:47:54.526" endtime="20231115 15:47:54.564"/>
</kw>
<status status="PASS" starttime="20231115 15:47:54.526" endtime="20231115 15:47:54.564"/>
</kw>
<kw name="Set Password2">
<arg>salainen</arg>
<kw name="Input Password" library="SeleniumLibrary">
<arg>password_confirmation</arg>
<arg>${password2}</arg>
<doc>Types the given password into the text field identified by ``locator``.</doc>
<msg timestamp="20231115 15:47:54.565" level="INFO">Typing password into text field 'password_confirmation'.</msg>
<msg timestamp="20231115 15:47:54.581" level="INFO">Temporally setting log level to: NONE</msg>
<msg timestamp="20231115 15:47:54.600" level="INFO">Log level changed from NONE to INFO.</msg>
<status status="PASS" starttime="20231115 15:47:54.564" endtime="20231115 15:47:54.601"/>
</kw>
<status status="PASS" starttime="20231115 15:47:54.564" endtime="20231115 15:47:54.601"/>
</kw>
<kw name="Click Button" library="SeleniumLibrary">
<arg>Register</arg>
<doc>Clicks the button identified by ``locator``.</doc>
<msg timestamp="20231115 15:47:54.601" level="INFO">Clicking button 'Register'.</msg>
<status status="PASS" starttime="20231115 15:47:54.601" endtime="20231115 15:47:54.634"/>
</kw>
<kw name="Register Should Fail With Message">
<arg>Password cannot contain only letters and min length is 8</arg>
<kw name="Register Page Should Be Open" library="resource">
<kw name="Title Should Be" library="SeleniumLibrary">
<arg>Register</arg>
<doc>Verifies that the current page title equals ``title``.</doc>
<msg timestamp="20231115 15:47:54.636" level="INFO">Page title is 'Register'.</msg>
<status status="PASS" starttime="20231115 15:47:54.634" endtime="20231115 15:47:54.636"/>
</kw>
<status status="PASS" starttime="20231115 15:47:54.634" endtime="20231115 15:47:54.636"/>
</kw>
<kw name="Page Should Contain" library="SeleniumLibrary">
<arg>${message}</arg>
<doc>Verifies that current page contains ``text``.</doc>
<msg timestamp="20231115 15:47:54.645" level="INFO">Current page contains text 'Password cannot contain only letters and min length is 8'.</msg>
<status status="PASS" starttime="20231115 15:47:54.636" endtime="20231115 15:47:54.645"/>
</kw>
<status status="PASS" starttime="20231115 15:47:54.634" endtime="20231115 15:47:54.645"/>
</kw>
<status status="PASS" starttime="20231115 15:47:54.476" endtime="20231115 15:47:54.645"/>
</test>
<test id="s1-s3-t4" name="Register With Nonmatching Password And Password Confirmation" line="31">
<kw name="Go To Register Page And Check It Is Correct" type="SETUP">
<kw name="Go to Register Page" library="resource">
<kw name="Go To" library="SeleniumLibrary">
<arg>${REGISTER_URL}</arg>
<doc>Navigates the current browser window to the provided ``url``.</doc>
<msg timestamp="20231115 15:47:54.646" level="INFO">Opening url 'http://localhost:5001/register'</msg>
<status status="PASS" starttime="20231115 15:47:54.646" endtime="20231115 15:47:54.654"/>
</kw>
<status status="PASS" starttime="20231115 15:47:54.646" endtime="20231115 15:47:54.654"/>
</kw>
<kw name="Register Page Should Be Open" library="resource">
<kw name="Title Should Be" library="SeleniumLibrary">
<arg>Register</arg>
<doc>Verifies that the current page title equals ``title``.</doc>
<msg timestamp="20231115 15:47:54.657" level="INFO">Page title is 'Register'.</msg>
<status status="PASS" starttime="20231115 15:47:54.655" endtime="20231115 15:47:54.657"/>
</kw>
<status status="PASS" starttime="20231115 15:47:54.654" endtime="20231115 15:47:54.658"/>
</kw>
<status status="PASS" starttime="20231115 15:47:54.645" endtime="20231115 15:47:54.658"/>
</kw>
<kw name="Set Username">
<arg>kirahvi</arg>
<kw name="Input Text" library="SeleniumLibrary">
<arg>username</arg>
<arg>${username}</arg>
<doc>Types the given ``text`` into the text field identified by ``locator``.</doc>
<msg timestamp="20231115 15:47:54.658" level="INFO">Typing text 'kirahvi' into text field 'username'.</msg>
<status status="PASS" starttime="20231115 15:47:54.658" endtime="20231115 15:47:54.695"/>
</kw>
<status status="PASS" starttime="20231115 15:47:54.658" endtime="20231115 15:47:54.695"/>
</kw>
<kw name="Set Password">
<arg>A1konen88</arg>
<kw name="Input Password" library="SeleniumLibrary">
<arg>password</arg>
<arg>${password}</arg>
<doc>Types the given password into the text field identified by ``locator``.</doc>
<msg timestamp="20231115 15:47:54.696" level="INFO">Typing password into text field 'password'.</msg>
<msg timestamp="20231115 15:47:54.712" level="INFO">Temporally setting log level to: NONE</msg>
<msg timestamp="20231115 15:47:54.734" level="INFO">Log level changed from NONE to INFO.</msg>
<status status="PASS" starttime="20231115 15:47:54.696" endtime="20231115 15:47:54.734"/>
</kw>
<status status="PASS" starttime="20231115 15:47:54.695" endtime="20231115 15:47:54.734"/>
</kw>
<kw name="Set Password2">
<arg>2Bolavi7</arg>
<kw name="Input Password" library="SeleniumLibrary">
<arg>password_confirmation</arg>
<arg>${password2}</arg>
<doc>Types the given password into the text field identified by ``locator``.</doc>
<msg timestamp="20231115 15:47:54.735" level="INFO">Typing password into text field 'password_confirmation'.</msg>
<msg timestamp="20231115 15:47:54.751" level="INFO">Temporally setting log level to: NONE</msg>
<msg timestamp="20231115 15:47:54.773" level="INFO">Log level changed from NONE to INFO.</msg>
<status status="PASS" starttime="20231115 15:47:54.734" endtime="20231115 15:47:54.773"/>
</kw>
<status status="PASS" starttime="20231115 15:47:54.734" endtime="20231115 15:47:54.773"/>
</kw>
<kw name="Click Button" library="SeleniumLibrary">
<arg>Register</arg>
<doc>Clicks the button identified by ``locator``.</doc>
<msg timestamp="20231115 15:47:54.774" level="INFO">Clicking button 'Register'.</msg>
<status status="PASS" starttime="20231115 15:47:54.773" endtime="20231115 15:47:54.806"/>
</kw>
<kw name="Register Should Fail With Message">
<arg>Passwords must match</arg>
<kw name="Register Page Should Be Open" library="resource">
<kw name="Title Should Be" library="SeleniumLibrary">
<arg>Register</arg>
<doc>Verifies that the current page title equals ``title``.</doc>
<msg timestamp="20231115 15:47:54.808" level="INFO">Page title is 'Register'.</msg>
<status status="PASS" starttime="20231115 15:47:54.806" endtime="20231115 15:47:54.808"/>
</kw>
<status status="PASS" starttime="20231115 15:47:54.806" endtime="20231115 15:47:54.808"/>
</kw>
<kw name="Page Should Contain" library="SeleniumLibrary">
<arg>${message}</arg>
<doc>Verifies that current page contains ``text``.</doc>
<msg timestamp="20231115 15:47:54.817" level="INFO">Current page contains text 'Passwords must match'.</msg>
<status status="PASS" starttime="20231115 15:47:54.808" endtime="20231115 15:47:54.817"/>
</kw>
<status status="PASS" starttime="20231115 15:47:54.806" endtime="20231115 15:47:54.817"/>
</kw>
<status status="PASS" starttime="20231115 15:47:54.645" endtime="20231115 15:47:54.817"/>
</test>
<test id="s1-s3-t5" name="Login After Successful Registration" line="38">
<kw name="Go To Register Page And Check It Is Correct" type="SETUP">
<kw name="Go to Register Page" library="resource">
<kw name="Go To" library="SeleniumLibrary">
<arg>${REGISTER_URL}</arg>
<doc>Navigates the current browser window to the provided ``url``.</doc>
<msg timestamp="20231115 15:47:54.818" level="INFO">Opening url 'http://localhost:5001/register'</msg>
<status status="PASS" starttime="20231115 15:47:54.818" endtime="20231115 15:47:54.826"/>
</kw>
<status status="PASS" starttime="20231115 15:47:54.818" endtime="20231115 15:47:54.826"/>
</kw>
<kw name="Register Page Should Be Open" library="resource">
<kw name="Title Should Be" library="SeleniumLibrary">
<arg>Register</arg>
<doc>Verifies that the current page title equals ``title``.</doc>
<msg timestamp="20231115 15:47:54.828" level="INFO">Page title is 'Register'.</msg>
<status status="PASS" starttime="20231115 15:47:54.826" endtime="20231115 15:47:54.828"/>
</kw>
<status status="PASS" starttime="20231115 15:47:54.826" endtime="20231115 15:47:54.829"/>
</kw>
<status status="PASS" starttime="20231115 15:47:54.818" endtime="20231115 15:47:54.829"/>
</kw>
<kw name="Go To Login Page" library="resource">
<kw name="Go To" library="SeleniumLibrary">
<arg>${LOGIN_URL}</arg>
<doc>Navigates the current browser window to the provided ``url``.</doc>
<msg timestamp="20231115 15:47:54.829" level="INFO">Opening url 'http://localhost:5001/login'</msg>
<status status="PASS" starttime="20231115 15:47:54.829" endtime="20231115 15:47:54.837"/>
</kw>
<status status="PASS" starttime="20231115 15:47:54.829" endtime="20231115 15:47:54.837"/>
</kw>
<kw name="Set Username">
<arg>testaaja</arg>
<kw name="Input Text" library="SeleniumLibrary">
<arg>username</arg>
<arg>${username}</arg>
<doc>Types the given ``text`` into the text field identified by ``locator``.</doc>
<msg timestamp="20231115 15:47:54.838" level="INFO">Typing text 'testaaja' into text field 'username'.</msg>
<status status="PASS" starttime="20231115 15:47:54.837" endtime="20231115 15:47:54.875"/>
</kw>
<status status="PASS" starttime="20231115 15:47:54.837" endtime="20231115 15:47:54.875"/>
</kw>
<kw name="Set Password">
<arg>salainen1</arg>
<kw name="Input Password" library="SeleniumLibrary">
<arg>password</arg>
<arg>${password}</arg>
<doc>Types the given password into the text field identified by ``locator``.</doc>
<msg timestamp="20231115 15:47:54.876" level="INFO">Typing password into text field 'password'.</msg>
<msg timestamp="20231115 15:47:54.892" level="INFO">Temporally setting log level to: NONE</msg>
<msg timestamp="20231115 15:47:54.912" level="INFO">Log level changed from NONE to INFO.</msg>
<status status="PASS" starttime="20231115 15:47:54.875" endtime="20231115 15:47:54.912"/>
</kw>
<status status="PASS" starttime="20231115 15:47:54.875" endtime="20231115 15:47:54.912"/>
</kw>
<kw name="Click Button" library="SeleniumLibrary">
<arg>Login</arg>
<doc>Clicks the button identified by ``locator``.</doc>
<msg timestamp="20231115 15:47:54.913" level="INFO">Clicking button 'Login'.</msg>
<status status="PASS" starttime="20231115 15:47:54.912" endtime="20231115 15:47:54.952"/>
</kw>
<kw name="Login Should Succeed">
<kw name="Main Page Should Be Open" library="resource">
<kw name="Title Should Be" library="SeleniumLibrary">
<arg>Ohtu Application main page</arg>
<doc>Verifies that the current page title equals ``title``.</doc>
<msg timestamp="20231115 15:47:54.954" level="INFO">Page title is 'Ohtu Application main page'.</msg>
<status status="PASS" starttime="20231115 15:47:54.952" endtime="20231115 15:47:54.954"/>
</kw>
<status status="PASS" starttime="20231115 15:47:54.952" endtime="20231115 15:47:54.954"/>
</kw>
<status status="PASS" starttime="20231115 15:47:54.952" endtime="20231115 15:47:54.955"/>
</kw>
<status status="PASS" starttime="20231115 15:47:54.817" endtime="20231115 15:47:54.955"/>
</test>
<test id="s1-s3-t6" name="Login After Failed Registration" line="45">
<kw name="Go To Register Page And Check It Is Correct" type="SETUP">
<kw name="Go to Register Page" library="resource">
<kw name="Go To" library="SeleniumLibrary">
<arg>${REGISTER_URL}</arg>
<doc>Navigates the current browser window to the provided ``url``.</doc>
<msg timestamp="20231115 15:47:54.955" level="INFO">Opening url 'http://localhost:5001/register'</msg>
<status status="PASS" starttime="20231115 15:47:54.955" endtime="20231115 15:47:54.962"/>
</kw>
<status status="PASS" starttime="20231115 15:47:54.955" endtime="20231115 15:47:54.962"/>
</kw>
<kw name="Register Page Should Be Open" library="resource">
<kw name="Title Should Be" library="SeleniumLibrary">
<arg>Register</arg>
<doc>Verifies that the current page title equals ``title``.</doc>
<msg timestamp="20231115 15:47:54.965" level="INFO">Page title is 'Register'.</msg>
<status status="PASS" starttime="20231115 15:47:54.963" endtime="20231115 15:47:54.965"/>
</kw>
<status status="PASS" starttime="20231115 15:47:54.963" endtime="20231115 15:47:54.965"/>
</kw>
<status status="PASS" starttime="20231115 15:47:54.955" endtime="20231115 15:47:54.965"/>
</kw>
<kw name="Go To Login Page" library="resource">
<kw name="Go To" library="SeleniumLibrary">
<arg>${LOGIN_URL}</arg>
<doc>Navigates the current browser window to the provided ``url``.</doc>
<msg timestamp="20231115 15:47:54.966" level="INFO">Opening url 'http://localhost:5001/login'</msg>
<status status="PASS" starttime="20231115 15:47:54.966" endtime="20231115 15:47:54.974"/>
</kw>
<status status="PASS" starttime="20231115 15:47:54.965" endtime="20231115 15:47:54.974"/>
</kw>
<kw name="Set Username">
<arg>ak</arg>
<kw name="Input Text" library="SeleniumLibrary">
<arg>username</arg>
<arg>${username}</arg>
<doc>Types the given ``text`` into the text field identified by ``locator``.</doc>
<msg timestamp="20231115 15:47:54.975" level="INFO">Typing text 'ak' into text field 'username'.</msg>
<status status="PASS" starttime="20231115 15:47:54.974" endtime="20231115 15:47:55.011"/>
</kw>
<status status="PASS" starttime="20231115 15:47:54.974" endtime="20231115 15:47:55.011"/>
</kw>
<kw name="Set Password">
<arg>salainen1</arg>
<kw name="Input Password" library="SeleniumLibrary">
<arg>password</arg>
<arg>${password}</arg>
<doc>Types the given password into the text field identified by ``locator``.</doc>
<msg timestamp="20231115 15:47:55.012" level="INFO">Typing password into text field 'password'.</msg>
<msg timestamp="20231115 15:47:55.028" level="INFO">Temporally setting log level to: NONE</msg>
<msg timestamp="20231115 15:47:55.048" level="INFO">Log level changed from NONE to INFO.</msg>
<status status="PASS" starttime="20231115 15:47:55.011" endtime="20231115 15:47:55.048"/>
</kw>
<status status="PASS" starttime="20231115 15:47:55.011" endtime="20231115 15:47:55.048"/>
</kw>
<kw name="Click Button" library="SeleniumLibrary">
<arg>Login</arg>
<doc>Clicks the button identified by ``locator``.</doc>
<msg timestamp="20231115 15:47:55.049" level="INFO">Clicking button 'Login'.</msg>
<status status="PASS" starttime="20231115 15:47:55.048" endtime="20231115 15:47:55.080"/>
</kw>
<kw name="Login Should Fail With Message">
<arg>Invalid username or password</arg>
<kw name="Login Page Should Be Open" library="resource">
<kw name="Title Should Be" library="SeleniumLibrary">
<arg>Login</arg>
<doc>Verifies that the current page title equals ``title``.</doc>
<msg timestamp="20231115 15:47:55.083" level="INFO">Page title is 'Login'.</msg>
<status status="PASS" starttime="20231115 15:47:55.080" endtime="20231115 15:47:55.083"/>
</kw>
<status status="PASS" starttime="20231115 15:47:55.080" endtime="20231115 15:47:55.083"/>
</kw>
<kw name="Page Should Contain" library="SeleniumLibrary">
<arg>${message}</arg>
<doc>Verifies that current page contains ``text``.</doc>
<msg timestamp="20231115 15:47:55.091" level="INFO">Current page contains text 'Invalid username or password'.</msg>
<status status="PASS" starttime="20231115 15:47:55.083" endtime="20231115 15:47:55.091"/>
</kw>
<status status="PASS" starttime="20231115 15:47:55.080" endtime="20231115 15:47:55.091"/>
</kw>
<status status="PASS" starttime="20231115 15:47:54.955" endtime="20231115 15:47:55.091"/>
</test>
<kw name="Close Browser" library="SeleniumLibrary" type="TEARDOWN">
<doc>Closes the current browser.</doc>
<status status="PASS" starttime="20231115 15:47:55.091" endtime="20231115 15:47:55.152"/>
</kw>
<status status="PASS" starttime="20231115 15:47:53.409" endtime="20231115 15:47:55.152"/>
</suite>
<status status="PASS" starttime="20231115 15:47:51.287" endtime="20231115 15:47:55.154"/>
</suite>
<statistics>
<total>
<stat pass="11" fail="0" skip="0">All Tests</stat>
</total>
<tag>
</tag>
<suite>
<stat pass="11" fail="0" skip="0" id="s1" name="Tests">Tests</stat>
<stat pass="2" fail="0" skip="0" id="s1-s1" name="Home">Tests.Home</stat>
<stat pass="3" fail="0" skip="0" id="s1-s2" name="Login">Tests.Login</stat>
<stat pass="6" fail="0" skip="0" id="s1-s3" name="Register">Tests.Register</stat>
</suite>
</statistics>
<errors>
</errors>
</robot>
