<?xml version="1.0" encoding="UTF-8"?>
<robot generator="Robot 6.1.1 (Python 3.10.12 on linux)" generated="20231115 15:45:57.871" rpa="false" schemaversion="4">
<suite id="s1" name="Tests" source="/home/ilhe/palautusrepositorio/viikko3/web-login/src/tests">
<suite id="s1-s1" name="Home" source="/home/ilhe/palautusrepositorio/viikko3/web-login/src/tests/home.robot">
<kw name="Open And Configure Browser" library="resource" type="SETUP">
<kw name="Evaluate" library="BuiltIn">
<var>${options}</var>
<arg>sys.modules['selenium.webdriver'].ChromeOptions()</arg>
<arg>sys</arg>
<doc>Evaluates the given expression in Python and returns the result.</doc>
<msg timestamp="20231115 15:45:57.980" level="INFO">${options} = &lt;selenium.webdriver.chrome.options.Options object at 0x7f3b241a9750&gt;</msg>
<status status="PASS" starttime="20231115 15:45:57.980" endtime="20231115 15:45:57.980"/>
</kw>
<kw name="Call Method" library="BuiltIn">
<arg>${options}</arg>
<arg>add_argument</arg>
<arg>--headless</arg>
<doc>Calls the named method of the given object with the provided arguments.</doc>
<status status="PASS" starttime="20231115 15:45:57.980" endtime="20231115 15:45:57.980"/>
</kw>
<kw name="Open Browser" library="SeleniumLibrary">
<arg>browser=chrome</arg>
<arg>options=${options}</arg>
<doc>Opens a new browser instance to the optional ``url``.</doc>
<msg timestamp="20231115 15:45:57.981" level="INFO">Opening browser 'chrome' to base url 'None'.</msg>
<status status="PASS" starttime="20231115 15:45:57.980" endtime="20231115 15:45:58.632"/>
</kw>
<kw name="Set Selenium Speed" library="SeleniumLibrary">
<arg>${DELAY}</arg>
<doc>Sets the delay that is waited after each Selenium command.</doc>
<status status="PASS" starttime="20231115 15:45:58.632" endtime="20231115 15:45:58.632"/>
</kw>
<status status="PASS" starttime="20231115 15:45:57.980" endtime="20231115 15:45:58.632"/>
</kw>
<test id="s1-s1-t1" name="Click Login Link" line="8">
<kw name="Go To Main Page" library="resource" type="SETUP">
<kw name="Go To" library="SeleniumLibrary">
<arg>${HOME_URL}</arg>
<doc>Navigates the current browser window to the provided ``url``.</doc>
<msg timestamp="20231115 15:45:58.633" level="INFO">Opening url 'http://localhost:5001'</msg>
<status status="PASS" starttime="20231115 15:45:58.633" endtime="20231115 15:45:58.659"/>
</kw>
<status status="PASS" starttime="20231115 15:45:58.632" endtime="20231115 15:45:58.659"/>
</kw>
<kw name="Click Link" library="SeleniumLibrary">
<arg>Login</arg>
<doc>Clicks a link identified by ``locator``.</doc>
<msg timestamp="20231115 15:45:58.660" level="INFO">Clicking link 'Login'.</msg>
<status status="PASS" starttime="20231115 15:45:58.659" endtime="20231115 15:45:58.701"/>
</kw>
<kw name="Login Page Should Be Open" library="resource">
<kw name="Title Should Be" library="SeleniumLibrary">
<arg>Login</arg>
<doc>Verifies that the current page title equals ``title``.</doc>
<msg timestamp="20231115 15:45:58.704" level="INFO">Page title is 'Login'.</msg>
<status status="PASS" starttime="20231115 15:45:58.701" endtime="20231115 15:45:58.704"/>
</kw>
<status status="PASS" starttime="20231115 15:45:58.701" endtime="20231115 15:45:58.704"/>
</kw>
<status status="PASS" starttime="20231115 15:45:58.632" endtime="20231115 15:45:58.704"/>
</test>
<test id="s1-s1-t2" name="Click Register Link" line="12">
<kw name="Go To Main Page" library="resource" type="SETUP">
<kw name="Go To" library="SeleniumLibrary">
<arg>${HOME_URL}</arg>
<doc>Navigates the current browser window to the provided ``url``.</doc>
<msg timestamp="20231115 15:45:58.705" level="INFO">Opening url 'http://localhost:5001'</msg>
<status status="PASS" starttime="20231115 15:45:58.705" endtime="20231115 15:45:58.712"/>
</kw>
<status status="PASS" starttime="20231115 15:45:58.705" endtime="20231115 15:45:58.712"/>
</kw>
<kw name="Click Link" library="SeleniumLibrary">
<arg>Register new user</arg>
<doc>Clicks a link identified by ``locator``.</doc>
<msg timestamp="20231115 15:45:58.712" level="INFO">Clicking link 'Register new user'.</msg>
<status status="PASS" starttime="20231115 15:45:58.712" endtime="20231115 15:45:58.745"/>
</kw>
<kw name="Register Page Should Be Open" library="resource">
<kw name="Title Should Be" library="SeleniumLibrary">
<arg>Register</arg>
<doc>Verifies that the current page title equals ``title``.</doc>
<msg timestamp="20231115 15:45:58.748" level="INFO">Page title is 'Register'.</msg>
<status status="PASS" starttime="20231115 15:45:58.746" endtime="20231115 15:45:58.748"/>
</kw>
<status status="PASS" starttime="20231115 15:45:58.745" endtime="20231115 15:45:58.748"/>
</kw>
<status status="PASS" starttime="20231115 15:45:58.704" endtime="20231115 15:45:58.748"/>
</test>
<kw name="Close Browser" library="SeleniumLibrary" type="TEARDOWN">
<doc>Closes the current browser.</doc>
<status status="PASS" starttime="20231115 15:45:58.748" endtime="20231115 15:45:58.805"/>
</kw>
<status status="PASS" starttime="20231115 15:45:57.882" endtime="20231115 15:45:58.806"/>
</suite>
<suite id="s1-s2" name="Login" source="/home/ilhe/palautusrepositorio/viikko3/web-login/src/tests/login.robot">
<kw name="Open And Configure Browser" library="resource" type="SETUP">
<kw name="Evaluate" library="BuiltIn">
<var>${options}</var>
<arg>sys.modules['selenium.webdriver'].ChromeOptions()</arg>
<arg>sys</arg>
<doc>Evaluates the given expression in Python and returns the result.</doc>
<msg timestamp="20231115 15:45:58.812" level="INFO">${options} = &lt;selenium.webdriver.chrome.options.Options object at 0x7f3b241aa800&gt;</msg>
<status status="PASS" starttime="20231115 15:45:58.811" endtime="20231115 15:45:58.812"/>
</kw>
<kw name="Call Method" library="BuiltIn">
<arg>${options}</arg>
<arg>add_argument</arg>
<arg>--headless</arg>
<doc>Calls the named method of the given object with the provided arguments.</doc>
<status status="PASS" starttime="20231115 15:45:58.812" endtime="20231115 15:45:58.813"/>
</kw>
<kw name="Open Browser" library="SeleniumLibrary">
<arg>browser=chrome</arg>
<arg>options=${options}</arg>
<doc>Opens a new browser instance to the optional ``url``.</doc>
<msg timestamp="20231115 15:45:58.814" level="INFO">Opening browser 'chrome' to base url 'None'.</msg>
<status status="PASS" starttime="20231115 15:45:58.813" endtime="20231115 15:45:59.470"/>
</kw>
<kw name="Set Selenium Speed" library="SeleniumLibrary">
<arg>${DELAY}</arg>
<doc>Sets the delay that is waited after each Selenium command.</doc>
<status status="PASS" starttime="20231115 15:45:59.471" endtime="20231115 15:45:59.471"/>
</kw>
<status status="PASS" starttime="20231115 15:45:58.811" endtime="20231115 15:45:59.471"/>
</kw>
<test id="s1-s2-t1" name="Login With Correct Credentials" line="8">
<kw name="Create User And Go To Login Page" type="SETUP">
<kw name="Create User" library="AppLibrary">
<arg>kalle</arg>
<arg>kalle123</arg>
<status status="PASS" starttime="20231115 15:45:59.471" endtime="20231115 15:45:59.476"/>
</kw>
<kw name="Go To Login Page" library="resource">
<kw name="Go To" library="SeleniumLibrary">
<arg>${LOGIN_URL}</arg>
<doc>Navigates the current browser window to the provided ``url``.</doc>
<msg timestamp="20231115 15:45:59.477" level="INFO">Opening url 'http://localhost:5001/login'</msg>
<status status="PASS" starttime="20231115 15:45:59.476" endtime="20231115 15:45:59.505"/>
</kw>
<status status="PASS" starttime="20231115 15:45:59.476" endtime="20231115 15:45:59.505"/>
</kw>
<kw name="Login Page Should Be Open" library="resource">
<kw name="Title Should Be" library="SeleniumLibrary">
<arg>Login</arg>
<doc>Verifies that the current page title equals ``title``.</doc>
<msg timestamp="20231115 15:45:59.508" level="INFO">Page title is 'Login'.</msg>
<status status="PASS" starttime="20231115 15:45:59.505" endtime="20231115 15:45:59.508"/>
</kw>
<status status="PASS" starttime="20231115 15:45:59.505" endtime="20231115 15:45:59.508"/>
</kw>
<status status="PASS" starttime="20231115 15:45:59.471" endtime="20231115 15:45:59.508"/>
</kw>
<kw name="Set Username">
<arg>kalle</arg>
<kw name="Input Text" library="SeleniumLibrary">
<arg>username</arg>
<arg>${username}</arg>
<doc>Types the given ``text`` into the text field identified by ``locator``.</doc>
<msg timestamp="20231115 15:45:59.509" level="INFO">Typing text 'kalle' into text field 'username'.</msg>
<status status="PASS" starttime="20231115 15:45:59.508" endtime="20231115 15:45:59.562"/>
</kw>
<status status="PASS" starttime="20231115 15:45:59.508" endtime="20231115 15:45:59.562"/>
</kw>
<kw name="Set Password">
<arg>kalle123</arg>
<kw name="Input Password" library="SeleniumLibrary">
<arg>password</arg>
<arg>${password}</arg>
<doc>Types the given password into the text field identified by ``locator``.</doc>
<msg timestamp="20231115 15:45:59.563" level="INFO">Typing password into text field 'password'.</msg>
<msg timestamp="20231115 15:45:59.581" level="INFO">Temporally setting log level to: NONE</msg>
<msg timestamp="20231115 15:45:59.605" level="INFO">Log level changed from NONE to INFO.</msg>
<status status="PASS" starttime="20231115 15:45:59.563" endtime="20231115 15:45:59.605"/>
</kw>
<status status="PASS" starttime="20231115 15:45:59.563" endtime="20231115 15:45:59.605"/>
</kw>
<kw name="Submit Credentials">
<kw name="Click Button" library="SeleniumLibrary">
<arg>Login</arg>
<doc>Clicks the button identified by ``locator``.</doc>
<msg timestamp="20231115 15:45:59.606" level="INFO">Clicking button 'Login'.</msg>
<status status="PASS" starttime="20231115 15:45:59.605" endtime="20231115 15:45:59.646"/>
</kw>
<status status="PASS" starttime="20231115 15:45:59.605" endtime="20231115 15:45:59.646"/>
</kw>
<kw name="Login Should Succeed">
<kw name="Main Page Should Be Open" library="resource">
<kw name="Title Should Be" library="SeleniumLibrary">
<arg>Ohtu Application main page</arg>
<doc>Verifies that the current page title equals ``title``.</doc>
<msg timestamp="20231115 15:45:59.649" level="INFO">Page title is 'Ohtu Application main page'.</msg>
<status status="PASS" starttime="20231115 15:45:59.647" endtime="20231115 15:45:59.649"/>
</kw>
<status status="PASS" starttime="20231115 15:45:59.646" endtime="20231115 15:45:59.649"/>
</kw>
<status status="PASS" starttime="20231115 15:45:59.646" endtime="20231115 15:45:59.649"/>
</kw>
<status status="PASS" starttime="20231115 15:45:59.471" endtime="20231115 15:45:59.649"/>
</test>
<test id="s1-s2-t2" name="Login With Incorrect Password" line="14">
<kw name="Create User And Go To Login Page" type="SETUP">
<kw name="Create User" library="AppLibrary">
<arg>kalle</arg>
<arg>kalle123</arg>
<status status="PASS" starttime="20231115 15:45:59.650" endtime="20231115 15:45:59.656"/>
</kw>
<kw name="Go To Login Page" library="resource">
<kw name="Go To" library="SeleniumLibrary">
<arg>${LOGIN_URL}</arg>
<doc>Navigates the current browser window to the provided ``url``.</doc>
<msg timestamp="20231115 15:45:59.656" level="INFO">Opening url 'http://localhost:5001/login'</msg>
<status status="PASS" starttime="20231115 15:45:59.656" endtime="20231115 15:45:59.663"/>
</kw>
<status status="PASS" starttime="20231115 15:45:59.656" endtime="20231115 15:45:59.663"/>
</kw>
<kw name="Login Page Should Be Open" library="resource">
<kw name="Title Should Be" library="SeleniumLibrary">
<arg>Login</arg>
<doc>Verifies that the current page title equals ``title``.</doc>
<msg timestamp="20231115 15:45:59.665" level="INFO">Page title is 'Login'.</msg>
<status status="PASS" starttime="20231115 15:45:59.663" endtime="20231115 15:45:59.665"/>
</kw>
<status status="PASS" starttime="20231115 15:45:59.663" endtime="20231115 15:45:59.665"/>
</kw>
<status status="PASS" starttime="20231115 15:45:59.650" endtime="20231115 15:45:59.665"/>
</kw>
<kw name="Set Username">
<arg>kalle</arg>
<kw name="Input Text" library="SeleniumLibrary">
<arg>username</arg>
<arg>${username}</arg>
<doc>Types the given ``text`` into the text field identified by ``locator``.</doc>
<msg timestamp="20231115 15:45:59.666" level="INFO">Typing text 'kalle' into text field 'username'.</msg>
<status status="PASS" starttime="20231115 15:45:59.666" endtime="20231115 15:45:59.705"/>
</kw>
<status status="PASS" starttime="20231115 15:45:59.666" endtime="20231115 15:45:59.705"/>
</kw>
<kw name="Set Password">
<arg>kalle456</arg>
<kw name="Input Password" library="SeleniumLibrary">
<arg>password</arg>
<arg>${password}</arg>
<doc>Types the given password into the text field identified by ``locator``.</doc>
<msg timestamp="20231115 15:45:59.706" level="INFO">Typing password into text field 'password'.</msg>
<msg timestamp="20231115 15:45:59.723" level="INFO">Temporally setting log level to: NONE</msg>
<msg timestamp="20231115 15:45:59.744" level="INFO">Log level changed from NONE to INFO.</msg>
<status status="PASS" starttime="20231115 15:45:59.706" endtime="20231115 15:45:59.744"/>
</kw>
<status status="PASS" starttime="20231115 15:45:59.705" endtime="20231115 15:45:59.744"/>
</kw>
<kw name="Submit Credentials">
<kw name="Click Button" library="SeleniumLibrary">
<arg>Login</arg>
<doc>Clicks the button identified by ``locator``.</doc>
<msg timestamp="20231115 15:45:59.745" level="INFO">Clicking button 'Login'.</msg>
<status status="PASS" starttime="20231115 15:45:59.744" endtime="20231115 15:45:59.778"/>
</kw>
<status status="PASS" starttime="20231115 15:45:59.744" endtime="20231115 15:45:59.778"/>
</kw>
<kw name="Login Should Fail With Message">
<arg>Invalid username or password</arg>
<kw name="Login Page Should Be Open" library="resource">
<kw name="Title Should Be" library="SeleniumLibrary">
<arg>Login</arg>
<doc>Verifies that the current page title equals ``title``.</doc>
<msg timestamp="20231115 15:45:59.781" level="INFO">Page title is 'Login'.</msg>
<status status="PASS" starttime="20231115 15:45:59.779" endtime="20231115 15:45:59.781"/>
</kw>
<status status="PASS" starttime="20231115 15:45:59.778" endtime="20231115 15:45:59.781"/>
</kw>
<kw name="Page Should Contain" library="SeleniumLibrary">
<arg>${message}</arg>
<doc>Verifies that current page contains ``text``.</doc>
<msg timestamp="20231115 15:45:59.790" level="INFO">Current page contains text 'Invalid username or password'.</msg>
<status status="PASS" starttime="20231115 15:45:59.781" endtime="20231115 15:45:59.790"/>
</kw>
<status status="PASS" starttime="20231115 15:45:59.778" endtime="20231115 15:45:59.790"/>
</kw>
<status status="PASS" starttime="20231115 15:45:59.649" endtime="20231115 15:45:59.790"/>
</test>
<test id="s1-s2-t3" name="Login With Nonexistent Username" line="20">
<kw name="Create User And Go To Login Page" type="SETUP">
<kw name="Create User" library="AppLibrary">
<arg>kalle</arg>
<arg>kalle123</arg>
<status status="PASS" starttime="20231115 15:45:59.791" endtime="20231115 15:45:59.796"/>
</kw>
<kw name="Go To Login Page" library="resource">
<kw name="Go To" library="SeleniumLibrary">
<arg>${LOGIN_URL}</arg>
<doc>Navigates the current browser window to the provided ``url``.</doc>
<msg timestamp="20231115 15:45:59.796" level="INFO">Opening url 'http://localhost:5001/login'</msg>
<status status="PASS" starttime="20231115 15:45:59.796" endtime="20231115 15:45:59.804"/>
</kw>
<status status="PASS" starttime="20231115 15:45:59.796" endtime="20231115 15:45:59.804"/>
</kw>
<kw name="Login Page Should Be Open" library="resource">
<kw name="Title Should Be" library="SeleniumLibrary">
<arg>Login</arg>
<doc>Verifies that the current page title equals ``title``.</doc>
<msg timestamp="20231115 15:45:59.808" level="INFO">Page title is 'Login'.</msg>
<status status="PASS" starttime="20231115 15:45:59.804" endtime="20231115 15:45:59.808"/>
</kw>
<status status="PASS" starttime="20231115 15:45:59.804" endtime="20231115 15:45:59.808"/>
</kw>
<status status="PASS" starttime="20231115 15:45:59.790" endtime="20231115 15:45:59.808"/>
</kw>
<kw name="Set Username">
<arg>ankka5</arg>
<kw name="Input Text" library="SeleniumLibrary">
<arg>username</arg>
<arg>${username}</arg>
<doc>Types the given ``text`` into the text field identified by ``locator``.</doc>
<msg timestamp="20231115 15:45:59.808" level="INFO">Typing text 'ankka5' into text field 'username'.</msg>
<status status="PASS" starttime="20231115 15:45:59.808" endtime="20231115 15:45:59.845"/>
</kw>
<status status="PASS" starttime="20231115 15:45:59.808" endtime="20231115 15:45:59.845"/>
</kw>
<kw name="Set Password">
<arg>kalle123</arg>
<kw name="Input Password" library="SeleniumLibrary">
<arg>password</arg>
<arg>${password}</arg>
<doc>Types the given password into the text field identified by ``locator``.</doc>
<msg timestamp="20231115 15:45:59.846" level="INFO">Typing password into text field 'password'.</msg>
<msg timestamp="20231115 15:45:59.863" level="INFO">Temporally setting log level to: NONE</msg>
<msg timestamp="20231115 15:45:59.883" level="INFO">Log level changed from NONE to INFO.</msg>
<status status="PASS" starttime="20231115 15:45:59.845" endtime="20231115 15:45:59.883"/>
</kw>
<status status="PASS" starttime="20231115 15:45:59.845" endtime="20231115 15:45:59.883"/>
</kw>
<kw name="Submit Credentials">
<kw name="Click Button" library="SeleniumLibrary">
<arg>Login</arg>
<doc>Clicks the button identified by ``locator``.</doc>
<msg timestamp="20231115 15:45:59.884" level="INFO">Clicking button 'Login'.</msg>
<status status="PASS" starttime="20231115 15:45:59.884" endtime="20231115 15:45:59.917"/>
</kw>
<status status="PASS" starttime="20231115 15:45:59.884" endtime="20231115 15:45:59.917"/>
</kw>
<kw name="Login Should Fail With Message">
<arg>Invalid username or password</arg>
<kw name="Login Page Should Be Open" library="resource">
<kw name="Title Should Be" library="SeleniumLibrary">
<arg>Login</arg>
<doc>Verifies that the current page title equals ``title``.</doc>
<msg timestamp="20231115 15:45:59.920" level="INFO">Page title is 'Login'.</msg>
<status status="PASS" starttime="20231115 15:45:59.918" endtime="20231115 15:45:59.920"/>
</kw>
<status status="PASS" starttime="20231115 15:45:59.918" endtime="20231115 15:45:59.920"/>
</kw>
<kw name="Page Should Contain" library="SeleniumLibrary">
<arg>${message}</arg>
<doc>Verifies that current page contains ``text``.</doc>
<msg timestamp="20231115 15:45:59.926" level="INFO">Current page contains text 'Invalid username or password'.</msg>
<status status="PASS" starttime="20231115 15:45:59.921" endtime="20231115 15:45:59.926"/>
</kw>
<status status="PASS" starttime="20231115 15:45:59.918" endtime="20231115 15:45:59.926"/>
</kw>
<status status="PASS" starttime="20231115 15:45:59.790" endtime="20231115 15:45:59.926"/>
</test>
<kw name="Close Browser" library="SeleniumLibrary" type="TEARDOWN">
<doc>Closes the current browser.</doc>
<status status="PASS" starttime="20231115 15:45:59.927" endtime="20231115 15:45:59.985"/>
</kw>
<status status="PASS" starttime="20231115 15:45:58.807" endtime="20231115 15:45:59.985"/>
</suite>
<suite id="s1-s3" name="Register" source="/home/ilhe/palautusrepositorio/viikko3/web-login/src/tests/register.robot">
<kw name="Open And Configure Browser" library="resource" type="SETUP">
<kw name="Evaluate" library="BuiltIn">
<var>${options}</var>
<arg>sys.modules['selenium.webdriver'].ChromeOptions()</arg>
<arg>sys</arg>
<doc>Evaluates the given expression in Python and returns the result.</doc>
<msg timestamp="20231115 15:45:59.991" level="INFO">${options} = &lt;selenium.webdriver.chrome.options.Options object at 0x7f3b23efbf10&gt;</msg>
<status status="PASS" starttime="20231115 15:45:59.990" endtime="20231115 15:45:59.991"/>
</kw>
<kw name="Call Method" library="BuiltIn">
<arg>${options}</arg>
<arg>add_argument</arg>
<arg>--headless</arg>
<doc>Calls the named method of the given object with the provided arguments.</doc>
<status status="PASS" starttime="20231115 15:45:59.991" endtime="20231115 15:45:59.991"/>
</kw>
<kw name="Open Browser" library="SeleniumLibrary">
<arg>browser=chrome</arg>
<arg>options=${options}</arg>
<doc>Opens a new browser instance to the optional ``url``.</doc>
<msg timestamp="20231115 15:45:59.992" level="INFO">Opening browser 'chrome' to base url 'None'.</msg>
<status status="PASS" starttime="20231115 15:45:59.991" endtime="20231115 15:46:00.656"/>
</kw>
<kw name="Set Selenium Speed" library="SeleniumLibrary">
<arg>${DELAY}</arg>
<doc>Sets the delay that is waited after each Selenium command.</doc>
<status status="PASS" starttime="20231115 15:46:00.657" endtime="20231115 15:46:00.657"/>
</kw>
<status status="PASS" starttime="20231115 15:45:59.990" endtime="20231115 15:46:00.657"/>
</kw>
<test id="s1-s3-t1" name="Register With Valid Username And Password" line="9">
<kw name="Go To Register Page And Check It Is Correct" type="SETUP">
<kw name="Go to Register Page" library="resource">
<kw name="Go To" library="SeleniumLibrary">
<arg>${REGISTER_URL}</arg>
<doc>Navigates the current browser window to the provided ``url``.</doc>
<msg timestamp="20231115 15:46:00.658" level="INFO">Opening url 'http://localhost:5001/register'</msg>
<status status="PASS" starttime="20231115 15:46:00.657" endtime="20231115 15:46:00.686"/>
</kw>
<status status="PASS" starttime="20231115 15:46:00.657" endtime="20231115 15:46:00.687"/>
</kw>
<kw name="Register Page Should Be Open" library="resource">
<kw name="Title Should Be" library="SeleniumLibrary">
<arg>Register</arg>
<doc>Verifies that the current page title equals ``title``.</doc>
<msg timestamp="20231115 15:46:00.690" level="INFO">Page title is 'Register'.</msg>
<status status="PASS" starttime="20231115 15:46:00.687" endtime="20231115 15:46:00.690"/>
</kw>
<status status="PASS" starttime="20231115 15:46:00.687" endtime="20231115 15:46:00.691"/>
</kw>
<status status="PASS" starttime="20231115 15:46:00.657" endtime="20231115 15:46:00.691"/>
</kw>
<kw name="Set Username">
<arg>testaaja</arg>
<kw name="Input Text" library="SeleniumLibrary">
<arg>username</arg>
<arg>${username}</arg>
<doc>Types the given ``text`` into the text field identified by ``locator``.</doc>
<msg timestamp="20231115 15:46:00.691" level="INFO">Typing text 'testaaja' into text field 'username'.</msg>
<status status="PASS" starttime="20231115 15:46:00.691" endtime="20231115 15:46:00.746"/>
</kw>
<status status="PASS" starttime="20231115 15:46:00.691" endtime="20231115 15:46:00.746"/>
</kw>
<kw name="Set Password">
<arg>salainen1</arg>
<kw name="Input Password" library="SeleniumLibrary">
<arg>password</arg>
<arg>${password}</arg>
<doc>Types the given password into the text field identified by ``locator``.</doc>
<msg timestamp="20231115 15:46:00.747" level="INFO">Typing password into text field 'password'.</msg>
<msg timestamp="20231115 15:46:00.767" level="INFO">Temporally setting log level to: NONE</msg>
<msg timestamp="20231115 15:46:00.788" level="INFO">Log level changed from NONE to INFO.</msg>
<status status="PASS" starttime="20231115 15:46:00.746" endtime="20231115 15:46:00.788"/>
</kw>
<status status="PASS" starttime="20231115 15:46:00.746" endtime="20231115 15:46:00.788"/>
</kw>
<kw name="Set Password2">
<arg>salainen1</arg>
<kw name="Input Password" library="SeleniumLibrary">
<arg>password_confirmation</arg>
<arg>${password2}</arg>
<doc>Types the given password into the text field identified by ``locator``.</doc>
<msg timestamp="20231115 15:46:00.789" level="INFO">Typing password into text field 'password_confirmation'.</msg>
<msg timestamp="20231115 15:46:00.808" level="INFO">Temporally setting log level to: NONE</msg>
<msg timestamp="20231115 15:46:00.828" level="INFO">Log level changed from NONE to INFO.</msg>
<status status="PASS" starttime="20231115 15:46:00.788" endtime="20231115 15:46:00.828"/>
</kw>
<status status="PASS" starttime="20231115 15:46:00.788" endtime="20231115 15:46:00.828"/>
</kw>
<kw name="Click Button" library="SeleniumLibrary">
<arg>Register</arg>
<doc>Clicks the button identified by ``locator``.</doc>
<msg timestamp="20231115 15:46:00.829" level="INFO">Clicking button 'Register'.</msg>
<status status="PASS" starttime="20231115 15:46:00.829" endtime="20231115 15:46:00.871"/>
</kw>
<kw name="Register Should Succeed With Welcome Page Open">
<kw name="Welcome Page Should Be Open" library="resource">
<kw name="Title Should Be" library="SeleniumLibrary">
<arg>Welcome to Ohtu Application!</arg>
<doc>Verifies that the current page title equals ``title``.</doc>
<msg timestamp="20231115 15:46:00.874" level="INFO">Page title is 'Welcome to Ohtu Application!'.</msg>
<status status="PASS" starttime="20231115 15:46:00.872" endtime="20231115 15:46:00.874"/>
</kw>
<status status="PASS" starttime="20231115 15:46:00.872" endtime="20231115 15:46:00.874"/>
</kw>
<status status="PASS" starttime="20231115 15:46:00.871" endtime="20231115 15:46:00.874"/>
</kw>
<status status="PASS" starttime="20231115 15:46:00.657" endtime="20231115 15:46:00.874"/>
</test>
<test id="s1-s3-t2" name="Register With Too Short Username And Valid Password" line="16">
<kw name="Go To Register Page And Check It Is Correct" type="SETUP">
<kw name="Go to Register Page" library="resource">
<kw name="Go To" library="SeleniumLibrary">
<arg>${REGISTER_URL}</arg>
<doc>Navigates the current browser window to the provided ``url``.</doc>
<msg timestamp="20231115 15:46:00.875" level="INFO">Opening url 'http://localhost:5001/register'</msg>
<status status="PASS" starttime="20231115 15:46:00.875" endtime="20231115 15:46:00.882"/>
</kw>
<status status="PASS" starttime="20231115 15:46:00.875" endtime="20231115 15:46:00.882"/>
</kw>
<kw name="Register Page Should Be Open" library="resource">
<kw name="Title Should Be" library="SeleniumLibrary">
<arg>Register</arg>
<doc>Verifies that the current page title equals ``title``.</doc>
<msg timestamp="20231115 15:46:00.885" level="INFO">Page title is 'Register'.</msg>
<status status="PASS" starttime="20231115 15:46:00.882" endtime="20231115 15:46:00.885"/>
</kw>
<status status="PASS" starttime="20231115 15:46:00.882" endtime="20231115 15:46:00.885"/>
</kw>
<status status="PASS" starttime="20231115 15:46:00.875" endtime="20231115 15:46:00.885"/>
</kw>
<kw name="Set Username">
<arg>ak</arg>
<kw name="Input Text" library="SeleniumLibrary">
<arg>username</arg>
<arg>${username}</arg>
<doc>Types the given ``text`` into the text field identified by ``locator``.</doc>
<msg timestamp="20231115 15:46:00.886" level="INFO">Typing text 'ak' into text field 'username'.</msg>
<status status="PASS" starttime="20231115 15:46:00.885" endtime="20231115 15:46:00.921"/>
</kw>
<status status="PASS" starttime="20231115 15:46:00.885" endtime="20231115 15:46:00.921"/>
</kw>
<kw name="Set Password">
<arg>salainen1</arg>
<kw name="Input Password" library="SeleniumLibrary">
<arg>password</arg>
<arg>${password}</arg>
<doc>Types the given password into the text field identified by ``locator``.</doc>
<msg timestamp="20231115 15:46:00.922" level="INFO">Typing password into text field 'password'.</msg>
<msg timestamp="20231115 15:46:00.940" level="INFO">Temporally setting log level to: NONE</msg>
<msg timestamp="20231115 15:46:00.960" level="INFO">Log level changed from NONE to INFO.</msg>
<status status="PASS" starttime="20231115 15:46:00.922" endtime="20231115 15:46:00.960"/>
</kw>
<status status="PASS" starttime="20231115 15:46:00.921" endtime="20231115 15:46:00.961"/>
</kw>
<kw name="Set Password2">
<arg>salainen1</arg>
<kw name="Input Password" library="SeleniumLibrary">
<arg>password_confirmation</arg>
<arg>${password2}</arg>
<doc>Types the given password into the text field identified by ``locator``.</doc>
<msg timestamp="20231115 15:46:00.961" level="INFO">Typing password into text field 'password_confirmation'.</msg>
<msg timestamp="20231115 15:46:00.989" level="INFO">Temporally setting log level to: NONE</msg>
<msg timestamp="20231115 15:46:01.008" level="INFO">Log level changed from NONE to INFO.</msg>
<status status="PASS" starttime="20231115 15:46:00.961" endtime="20231115 15:46:01.008"/>
</kw>
<status status="PASS" starttime="20231115 15:46:00.961" endtime="20231115 15:46:01.008"/>
</kw>
<kw name="Click Button" library="SeleniumLibrary">
<arg>Register</arg>
<doc>Clicks the button identified by ``locator``.</doc>
<msg timestamp="20231115 15:46:01.009" level="INFO">Clicking button 'Register'.</msg>
<status status="PASS" starttime="20231115 15:46:01.008" endtime="20231115 15:46:01.042"/>
</kw>
<kw name="Register Should Fail With Message">
<arg>Username must be atleast 3 characters</arg>
<kw name="Register Page Should Be Open" library="resource">
<kw name="Title Should Be" library="SeleniumLibrary">
<arg>Register</arg>
<doc>Verifies that the current page title equals ``title``.</doc>
<msg timestamp="20231115 15:46:01.044" level="INFO">Page title is 'Register'.</msg>
<status status="PASS" starttime="20231115 15:46:01.042" endtime="20231115 15:46:01.044"/>
</kw>
<status status="PASS" starttime="20231115 15:46:01.042" endtime="20231115 15:46:01.044"/>
</kw>
<kw name="Page Should Contain" library="SeleniumLibrary">
<arg>${message}</arg>
<doc>Verifies that current page contains ``text``.</doc>
<msg timestamp="20231115 15:46:01.053" level="INFO">Current page contains text 'Username must be atleast 3 characters'.</msg>
<status status="PASS" starttime="20231115 15:46:01.044" endtime="20231115 15:46:01.053"/>
</kw>
<status status="PASS" starttime="20231115 15:46:01.042" endtime="20231115 15:46:01.053"/>
</kw>
<status status="PASS" starttime="20231115 15:46:00.874" endtime="20231115 15:46:01.053"/>
</test>
<test id="s1-s3-t3" name="Register With Valid Username And Invalid Password" line="24">
<kw name="Go To Register Page And Check It Is Correct" type="SETUP">
<kw name="Go to Register Page" library="resource">
<kw name="Go To" library="SeleniumLibrary">
<arg>${REGISTER_URL}</arg>
<doc>Navigates the current browser window to the provided ``url``.</doc>
<msg timestamp="20231115 15:46:01.055" level="INFO">Opening url 'http://localhost:5001/register'</msg>
<status status="PASS" starttime="20231115 15:46:01.055" endtime="20231115 15:46:01.062"/>
</kw>
<status status="PASS" starttime="20231115 15:46:01.054" endtime="20231115 15:46:01.062"/>
</kw>
<kw name="Register Page Should Be Open" library="resource">
<kw name="Title Should Be" library="SeleniumLibrary">
<arg>Register</arg>
<doc>Verifies that the current page title equals ``title``.</doc>
<msg timestamp="20231115 15:46:01.065" level="INFO">Page title is 'Register'.</msg>
<status status="PASS" starttime="20231115 15:46:01.063" endtime="20231115 15:46:01.065"/>
</kw>
<status status="PASS" starttime="20231115 15:46:01.063" endtime="20231115 15:46:01.065"/>
</kw>
<status status="PASS" starttime="20231115 15:46:01.054" endtime="20231115 15:46:01.065"/>
</kw>
<kw name="Set Username">
<arg>kirahvi</arg>
<kw name="Input Text" library="SeleniumLibrary">
<arg>username</arg>
<arg>${username}</arg>
<doc>Types the given ``text`` into the text field identified by ``locator``.</doc>
<msg timestamp="20231115 15:46:01.066" level="INFO">Typing text 'kirahvi' into text field 'username'.</msg>
<status status="PASS" starttime="20231115 15:46:01.066" endtime="20231115 15:46:01.105"/>
</kw>
<status status="PASS" starttime="20231115 15:46:01.065" endtime="20231115 15:46:01.105"/>
</kw>
<kw name="Set Password">
<arg>salainen</arg>
<kw name="Input Password" library="SeleniumLibrary">
<arg>password</arg>
<arg>${password}</arg>
<doc>Types the given password into the text field identified by ``locator``.</doc>
<msg timestamp="20231115 15:46:01.105" level="INFO">Typing password into text field 'password'.</msg>
<msg timestamp="20231115 15:46:01.122" level="INFO">Temporally setting log level to: NONE</msg>
<msg timestamp="20231115 15:46:01.142" level="INFO">Log level changed from NONE to INFO.</msg>
<status status="PASS" starttime="20231115 15:46:01.105" endtime="20231115 15:46:01.142"/>
</kw>
<status status="PASS" starttime="20231115 15:46:01.105" endtime="20231115 15:46:01.142"/>
</kw>
<kw name="Set Password2">
<arg>salainen</arg>
<kw name="Input Password" library="SeleniumLibrary">
<arg>password_confirmation</arg>
<arg>${password2}</arg>
<doc>Types the given password into the text field identified by ``locator``.</doc>
<msg timestamp="20231115 15:46:01.143" level="INFO">Typing password into text field 'password_confirmation'.</msg>
<msg timestamp="20231115 15:46:01.160" level="INFO">Temporally setting log level to: NONE</msg>
<msg timestamp="20231115 15:46:01.183" level="INFO">Log level changed from NONE to INFO.</msg>
<status status="PASS" starttime="20231115 15:46:01.143" endtime="20231115 15:46:01.183"/>
</kw>
<status status="PASS" starttime="20231115 15:46:01.142" endtime="20231115 15:46:01.183"/>
</kw>
<kw name="Click Button" library="SeleniumLibrary">
<arg>Register</arg>
<doc>Clicks the button identified by ``locator``.</doc>
<msg timestamp="20231115 15:46:01.184" level="INFO">Clicking button 'Register'.</msg>
<status status="PASS" starttime="20231115 15:46:01.184" endtime="20231115 15:46:01.219"/>
</kw>
<kw name="Register Should Fail With Message">
<arg>Password cannot contain only letters and min length is 8</arg>
<kw name="Register Page Should Be Open" library="resource">
<kw name="Title Should Be" library="SeleniumLibrary">
<arg>Register</arg>
<doc>Verifies that the current page title equals ``title``.</doc>
<msg timestamp="20231115 15:46:01.222" level="INFO">Page title is 'Register'.</msg>
<status status="PASS" starttime="20231115 15:46:01.220" endtime="20231115 15:46:01.222"/>
</kw>
<status status="PASS" starttime="20231115 15:46:01.220" endtime="20231115 15:46:01.222"/>
</kw>
<kw name="Page Should Contain" library="SeleniumLibrary">
<arg>${message}</arg>
<doc>Verifies that current page contains ``text``.</doc>
<msg timestamp="20231115 15:46:01.230" level="INFO">Current page contains text 'Password cannot contain only letters and min length is 8'.</msg>
<status status="PASS" starttime="20231115 15:46:01.222" endtime="20231115 15:46:01.230"/>
</kw>
<status status="PASS" starttime="20231115 15:46:01.219" endtime="20231115 15:46:01.230"/>
</kw>
<status status="PASS" starttime="20231115 15:46:01.054" endtime="20231115 15:46:01.231"/>
</test>
<test id="s1-s3-t4" name="Register With Nonmatching Password And Password Confirmation" line="31">
<kw name="Go To Register Page And Check It Is Correct" type="SETUP">
<kw name="Go to Register Page" library="resource">
<kw name="Go To" library="SeleniumLibrary">
<arg>${REGISTER_URL}</arg>
<doc>Navigates the current browser window to the provided ``url``.</doc>
<msg timestamp="20231115 15:46:01.232" level="INFO">Opening url 'http://localhost:5001/register'</msg>
<status status="PASS" starttime="20231115 15:46:01.231" endtime="20231115 15:46:01.240"/>
</kw>
<status status="PASS" starttime="20231115 15:46:01.231" endtime="20231115 15:46:01.240"/>
</kw>
<kw name="Register Page Should Be Open" library="resource">
<kw name="Title Should Be" library="SeleniumLibrary">
<arg>Register</arg>
<doc>Verifies that the current page title equals ``title``.</doc>
<msg timestamp="20231115 15:46:01.242" level="INFO">Page title is 'Register'.</msg>
<status status="PASS" starttime="20231115 15:46:01.240" endtime="20231115 15:46:01.242"/>
</kw>
<status status="PASS" starttime="20231115 15:46:01.240" endtime="20231115 15:46:01.242"/>
</kw>
<status status="PASS" starttime="20231115 15:46:01.231" endtime="20231115 15:46:01.242"/>
</kw>
<kw name="Set Username">
<arg>kirahvi</arg>
<kw name="Input Text" library="SeleniumLibrary">
<arg>username</arg>
<arg>${username}</arg>
<doc>Types the given ``text`` into the text field identified by ``locator``.</doc>
<msg timestamp="20231115 15:46:01.243" level="INFO">Typing text 'kirahvi' into text field 'username'.</msg>
<status status="PASS" starttime="20231115 15:46:01.243" endtime="20231115 15:46:01.281"/>
</kw>
<status status="PASS" starttime="20231115 15:46:01.243" endtime="20231115 15:46:01.281"/>
</kw>
<kw name="Set Password">
<arg>A1konen88</arg>
<kw name="Input Password" library="SeleniumLibrary">
<arg>password</arg>
<arg>${password}</arg>
<doc>Types the given password into the text field identified by ``locator``.</doc>
<msg timestamp="20231115 15:46:01.282" level="INFO">Typing password into text field 'password'.</msg>
<msg timestamp="20231115 15:46:01.299" level="INFO">Temporally setting log level to: NONE</msg>
<msg timestamp="20231115 15:46:01.322" level="INFO">Log level changed from NONE to INFO.</msg>
<status status="PASS" starttime="20231115 15:46:01.281" endtime="20231115 15:46:01.322"/>
</kw>
<status status="PASS" starttime="20231115 15:46:01.281" endtime="20231115 15:46:01.322"/>
</kw>
<kw name="Set Password2">
<arg>2Bolavi7</arg>
<kw name="Input Password" library="SeleniumLibrary">
<arg>password_confirmation</arg>
<arg>${password2}</arg>
<doc>Types the given password into the text field identified by ``locator``.</doc>
<msg timestamp="20231115 15:46:01.322" level="INFO">Typing password into text field 'password_confirmation'.</msg>
<msg timestamp="20231115 15:46:01.339" level="INFO">Temporally setting log level to: NONE</msg>
<msg timestamp="20231115 15:46:01.361" level="INFO">Log level changed from NONE to INFO.</msg>
<status status="PASS" starttime="20231115 15:46:01.322" endtime="20231115 15:46:01.361"/>
</kw>
<status status="PASS" starttime="20231115 15:46:01.322" endtime="20231115 15:46:01.361"/>
</kw>
<kw name="Click Button" library="SeleniumLibrary">
<arg>Register</arg>
<doc>Clicks the button identified by ``locator``.</doc>
<msg timestamp="20231115 15:46:01.361" level="INFO">Clicking button 'Register'.</msg>
<status status="PASS" starttime="20231115 15:46:01.361" endtime="20231115 15:46:01.394"/>
</kw>
<kw name="Register Should Fail With Message">
<arg>Passwords must match</arg>
<kw name="Register Page Should Be Open" library="resource">
<kw name="Title Should Be" library="SeleniumLibrary">
<arg>Register</arg>
<doc>Verifies that the current page title equals ``title``.</doc>
<msg timestamp="20231115 15:46:01.397" level="INFO">Page title is 'Register'.</msg>
<status status="PASS" starttime="20231115 15:46:01.395" endtime="20231115 15:46:01.397"/>
</kw>
<status status="PASS" starttime="20231115 15:46:01.394" endtime="20231115 15:46:01.397"/>
</kw>
<kw name="Page Should Contain" library="SeleniumLibrary">
<arg>${message}</arg>
<doc>Verifies that current page contains ``text``.</doc>
<msg timestamp="20231115 15:46:01.406" level="INFO">Current page contains text 'Passwords must match'.</msg>
<status status="PASS" starttime="20231115 15:46:01.397" endtime="20231115 15:46:01.406"/>
</kw>
<status status="PASS" starttime="20231115 15:46:01.394" endtime="20231115 15:46:01.406"/>
</kw>
<status status="PASS" starttime="20231115 15:46:01.231" endtime="20231115 15:46:01.407"/>
</test>
<test id="s1-s3-t5" name="Login After Successful Registration" line="38">
<kw name="Go To Register Page And Check It Is Correct" type="SETUP">
<kw name="Go to Register Page" library="resource">
<kw name="Go To" library="SeleniumLibrary">
<arg>${REGISTER_URL}</arg>
<doc>Navigates the current browser window to the provided ``url``.</doc>
<msg timestamp="20231115 15:46:01.408" level="INFO">Opening url 'http://localhost:5001/register'</msg>
<status status="PASS" starttime="20231115 15:46:01.408" endtime="20231115 15:46:01.415"/>
</kw>
<status status="PASS" starttime="20231115 15:46:01.407" endtime="20231115 15:46:01.415"/>
</kw>
<kw name="Register Page Should Be Open" library="resource">
<kw name="Title Should Be" library="SeleniumLibrary">
<arg>Register</arg>
<doc>Verifies that the current page title equals ``title``.</doc>
<msg timestamp="20231115 15:46:01.418" level="INFO">Page title is 'Register'.</msg>
<status status="PASS" starttime="20231115 15:46:01.415" endtime="20231115 15:46:01.418"/>
</kw>
<status status="PASS" starttime="20231115 15:46:01.415" endtime="20231115 15:46:01.418"/>
</kw>
<status status="PASS" starttime="20231115 15:46:01.407" endtime="20231115 15:46:01.418"/>
</kw>
<kw name="Go To Login Page" library="resource">
<kw name="Go To" library="SeleniumLibrary">
<arg>${LOGIN_URL}</arg>
<doc>Navigates the current browser window to the provided ``url``.</doc>
<msg timestamp="20231115 15:46:01.418" level="INFO">Opening url 'http://localhost:5001/login'</msg>
<status status="PASS" starttime="20231115 15:46:01.418" endtime="20231115 15:46:01.427"/>
</kw>
<status status="PASS" starttime="20231115 15:46:01.418" endtime="20231115 15:46:01.427"/>
</kw>
<kw name="Set Username">
<arg>testaaja</arg>
<kw name="Input Text" library="SeleniumLibrary">
<arg>username</arg>
<arg>${username}</arg>
<doc>Types the given ``text`` into the text field identified by ``locator``.</doc>
<msg timestamp="20231115 15:46:01.428" level="INFO">Typing text 'testaaja' into text field 'username'.</msg>
<status status="PASS" starttime="20231115 15:46:01.427" endtime="20231115 15:46:01.465"/>
</kw>
<status status="PASS" starttime="20231115 15:46:01.427" endtime="20231115 15:46:01.465"/>
</kw>
<kw name="Set Password">
<arg>salainen1</arg>
<kw name="Input Password" library="SeleniumLibrary">
<arg>password</arg>
<arg>${password}</arg>
<doc>Types the given password into the text field identified by ``locator``.</doc>
<msg timestamp="20231115 15:46:01.466" level="INFO">Typing password into text field 'password'.</msg>
<msg timestamp="20231115 15:46:01.484" level="INFO">Temporally setting log level to: NONE</msg>
<msg timestamp="20231115 15:46:01.506" level="INFO">Log level changed from NONE to INFO.</msg>
<status status="PASS" starttime="20231115 15:46:01.466" endtime="20231115 15:46:01.506"/>
</kw>
<status status="PASS" starttime="20231115 15:46:01.465" endtime="20231115 15:46:01.506"/>
</kw>
<kw name="Click Button" library="SeleniumLibrary">
<arg>Login</arg>
<doc>Clicks the button identified by ``locator``.</doc>
<msg timestamp="20231115 15:46:01.506" level="INFO">Clicking button 'Login'.</msg>
<status status="PASS" starttime="20231115 15:46:01.506" endtime="20231115 15:46:01.546"/>
</kw>
<kw name="Login Should Succeed">
<kw name="Main Page Should Be Open" library="resource">
<kw name="Title Should Be" library="SeleniumLibrary">
<arg>Ohtu Application main page</arg>
<doc>Verifies that the current page title equals ``title``.</doc>
<msg timestamp="20231115 15:46:01.549" level="INFO">Page title is 'Ohtu Application main page'.</msg>
<status status="PASS" starttime="20231115 15:46:01.546" endtime="20231115 15:46:01.549"/>
</kw>
<status status="PASS" starttime="20231115 15:46:01.546" endtime="20231115 15:46:01.549"/>
</kw>
<status status="PASS" starttime="20231115 15:46:01.546" endtime="20231115 15:46:01.549"/>
</kw>
<status status="PASS" starttime="20231115 15:46:01.407" endtime="20231115 15:46:01.549"/>
</test>
<test id="s1-s3-t6" name="Login After Failed Registration" line="45">
<kw name="Go To Register Page And Check It Is Correct" type="SETUP">
<kw name="Go to Register Page" library="resource">
<kw name="Go To" library="SeleniumLibrary">
<arg>${REGISTER_URL}</arg>
<doc>Navigates the current browser window to the provided ``url``.</doc>
<msg timestamp="20231115 15:46:01.550" level="INFO">Opening url 'http://localhost:5001/register'</msg>
<status status="PASS" starttime="20231115 15:46:01.550" endtime="20231115 15:46:01.558"/>
</kw>
<status status="PASS" starttime="20231115 15:46:01.550" endtime="20231115 15:46:01.558"/>
</kw>
<kw name="Register Page Should Be Open" library="resource">
<kw name="Title Should Be" library="SeleniumLibrary">
<arg>Register</arg>
<doc>Verifies that the current page title equals ``title``.</doc>
<msg timestamp="20231115 15:46:01.560" level="INFO">Page title is 'Register'.</msg>
<status status="PASS" starttime="20231115 15:46:01.558" endtime="20231115 15:46:01.560"/>
</kw>
<status status="PASS" starttime="20231115 15:46:01.558" endtime="20231115 15:46:01.560"/>
</kw>
<status status="PASS" starttime="20231115 15:46:01.550" endtime="20231115 15:46:01.560"/>
</kw>
<kw name="Go To Login Page" library="resource">
<kw name="Go To" library="SeleniumLibrary">
<arg>${LOGIN_URL}</arg>
<doc>Navigates the current browser window to the provided ``url``.</doc>
<msg timestamp="20231115 15:46:01.561" level="INFO">Opening url 'http://localhost:5001/login'</msg>
<status status="PASS" starttime="20231115 15:46:01.561" endtime="20231115 15:46:01.568"/>
</kw>
<status status="PASS" starttime="20231115 15:46:01.560" endtime="20231115 15:46:01.568"/>
</kw>
<kw name="Set Username">
<arg>ak</arg>
<kw name="Input Text" library="SeleniumLibrary">
<arg>username</arg>
<arg>${username}</arg>
<doc>Types the given ``text`` into the text field identified by ``locator``.</doc>
<msg timestamp="20231115 15:46:01.569" level="INFO">Typing text 'ak' into text field 'username'.</msg>
<status status="PASS" starttime="20231115 15:46:01.569" endtime="20231115 15:46:01.608"/>
</kw>
<status status="PASS" starttime="20231115 15:46:01.569" endtime="20231115 15:46:01.608"/>
</kw>
<kw name="Set Password">
<arg>salainen1</arg>
<kw name="Input Password" library="SeleniumLibrary">
<arg>password</arg>
<arg>${password}</arg>
<doc>Types the given password into the text field identified by ``locator``.</doc>
<msg timestamp="20231115 15:46:01.608" level="INFO">Typing password into text field 'password'.</msg>
<msg timestamp="20231115 15:46:01.626" level="INFO">Temporally setting log level to: NONE</msg>
<msg timestamp="20231115 15:46:01.647" level="INFO">Log level changed from NONE to INFO.</msg>
<status status="PASS" starttime="20231115 15:46:01.608" endtime="20231115 15:46:01.647"/>
</kw>
<status status="PASS" starttime="20231115 15:46:01.608" endtime="20231115 15:46:01.647"/>
</kw>
<kw name="Click Button" library="SeleniumLibrary">
<arg>Login</arg>
<doc>Clicks the button identified by ``locator``.</doc>
<msg timestamp="20231115 15:46:01.647" level="INFO">Clicking button 'Login'.</msg>
<status status="PASS" starttime="20231115 15:46:01.647" endtime="20231115 15:46:01.680"/>
</kw>
<kw name="Login Should Fail With Message">
<arg>Invalid username or password</arg>
<kw name="Login Page Should Be Open" library="resource">
<kw name="Title Should Be" library="SeleniumLibrary">
<arg>Login</arg>
<doc>Verifies that the current page title equals ``title``.</doc>
<msg timestamp="20231115 15:46:01.683" level="INFO">Page title is 'Login'.</msg>
<status status="PASS" starttime="20231115 15:46:01.681" endtime="20231115 15:46:01.683"/>
</kw>
<status status="PASS" starttime="20231115 15:46:01.681" endtime="20231115 15:46:01.683"/>
</kw>
<kw name="Page Should Contain" library="SeleniumLibrary">
<arg>${message}</arg>
<doc>Verifies that current page contains ``text``.</doc>
<msg timestamp="20231115 15:46:01.692" level="INFO">Current page contains text 'Invalid username or password'.</msg>
<status status="PASS" starttime="20231115 15:46:01.683" endtime="20231115 15:46:01.692"/>
</kw>
<status status="PASS" starttime="20231115 15:46:01.680" endtime="20231115 15:46:01.692"/>
</kw>
<status status="PASS" starttime="20231115 15:46:01.549" endtime="20231115 15:46:01.692"/>
</test>
<kw name="Close Browser" library="SeleniumLibrary" type="TEARDOWN">
<doc>Closes the current browser.</doc>
<status status="PASS" starttime="20231115 15:46:01.693" endtime="20231115 15:46:01.752"/>
</kw>
<status status="PASS" starttime="20231115 15:45:59.986" endtime="20231115 15:46:01.753"/>
</suite>
<status status="PASS" starttime="20231115 15:45:57.872" endtime="20231115 15:46:01.754"/>
</suite>
<statistics>
<total>
<stat pass="11" fail="0" skip="0">All Tests</stat>
</total>
<tag>
</tag>
<suite>
<stat pass="11" fail="0" skip="0" id="s1" name="Tests">Tests</stat>
<stat pass="2" fail="0" skip="0" id="s1-s1" name="Home">Tests.Home</stat>
<stat pass="3" fail="0" skip="0" id="s1-s2" name="Login">Tests.Login</stat>
<stat pass="6" fail="0" skip="0" id="s1-s3" name="Register">Tests.Register</stat>
</suite>
</statistics>
<errors>
</errors>
</robot>
